2025-06-05 18:46:53.431 [main] INFO  org.hibernate.validator.internal.util.Version - HV000001: Hibernate Validator 8.0.2.Final
2025-06-05 18:46:53.498 [main] INFO  org.hibernate.Version - HHH000412: Hibernate ORM core version 6.6.9.Final
2025-06-05 18:46:53.512 [main] INFO  com.zaxxer.hikari.HikariDataSource - HikariPool-1 - Starting...
2025-06-05 18:46:53.594 [main] INFO  com.zaxxer.hikari.pool.HikariPool - HikariPool-1 - Added connection conn0: url=jdbc:h2:mem:testDb user=SA
2025-06-05 18:46:53.595 [main] INFO  com.zaxxer.hikari.HikariDataSource - HikariPool-1 - Start completed.
2025-06-05 18:46:53.639 [main] INFO  o.hibernate.cache.internal.RegionFactoryInitiator - HHH000026: Second-level cache disabled
2025-06-05 18:46:53.685 [main] WARN  org.hibernate.orm.deprecation - HHH90000025: H2Dialect does not need to be specified explicitly using 'hibernate.dialect' (remove the property setting and it will be selected by default)
2025-06-05 18:46:53.693 [main] INFO  org.hibernate.orm.connections.pooling - HHH10001005: Database info:
	Database JDBC URL [Connecting through datasource 'HikariDataSource (HikariPool-1)']
	Database driver: undefined/unknown
	Database version: 2.3.232
	Autocommit mode: undefined/unknown
	Isolation level: undefined/unknown
	Minimum pool size: undefined/unknown
	Maximum pool size: undefined/unknown
2025-06-05 18:46:54.189 [main] INFO  i.m.logging.PropertiesLoggingLevelsConfigurer - Setting log level 'DEBUG' for logger: 'org.hibernate.SQL'
2025-06-05 18:46:54.189 [main] INFO  i.m.logging.PropertiesLoggingLevelsConfigurer - Setting log level 'DEBUG' for logger: 'org.hibernate.sql'
2025-06-05 18:46:54.189 [main] INFO  i.m.logging.PropertiesLoggingLevelsConfigurer - Setting log level 'DEBUG' for logger: 'io.kestra.blueprint'
2025-06-05 18:46:54.189 [main] INFO  i.m.logging.PropertiesLoggingLevelsConfigurer - Setting log level 'WARN' for logger: 'org.hibernate.type.descriptor.sql.BasicBinder'
2025-06-05 18:46:54.189 [main] INFO  i.m.logging.PropertiesLoggingLevelsConfigurer - Setting log level 'WARN' for logger: 'org.hibernate.type.descriptor.sql.basic-binder'
2025-06-05 18:46:54.601 [main] INFO  io.kestra.blueprint.metrics.BlueprintMetrics - Blueprint metrics initialized
2025-06-05 18:46:54.603 [main] INFO  io.micronaut.runtime.Micronaut - Startup completed in 1456ms. Server Running: http://localhost:8084
2025-06-05 18:47:27.688 [default-nioEventLoopGroup-1-2] DEBUG i.m.http.server.netty.NettyRequestLifecycle - Request GET /health
2025-06-05 18:47:27.745 [default-nioEventLoopGroup-1-2] DEBUG i.m.http.server.netty.RoutingInBoundHandler - Response 401 - GET /health
2025-06-05 18:47:39.763 [default-nioEventLoopGroup-1-3] DEBUG i.m.http.server.netty.NettyRequestLifecycle - Request GET /health
2025-06-05 18:47:39.765 [default-nioEventLoopGroup-1-3] DEBUG i.m.http.server.netty.RoutingInBoundHandler - Response 401 - GET /health
2025-06-05 18:47:43.143 [default-nioEventLoopGroup-1-3] DEBUG i.m.http.server.netty.NettyRequestLifecycle - Request GET /health
2025-06-05 18:47:43.143 [default-nioEventLoopGroup-1-3] DEBUG i.m.http.server.netty.RoutingInBoundHandler - Response 401 - GET /health
2025-06-05 18:47:49.354 [default-nioEventLoopGroup-1-3] DEBUG i.m.http.server.netty.NettyRequestLifecycle - Request GET /
2025-06-05 18:47:49.355 [default-nioEventLoopGroup-1-3] DEBUG io.micronaut.http.server.RequestLifecycle - No matching route: GET /
2025-06-05 18:47:49.367 [default-nioEventLoopGroup-1-3] DEBUG i.m.http.server.netty.RoutingInBoundHandler - Response 404 - GET /
2025-06-05 18:47:49.395 [default-nioEventLoopGroup-1-3] DEBUG i.m.http.server.netty.NettyRequestLifecycle - Request GET /favicon.ico
2025-06-05 18:47:49.395 [default-nioEventLoopGroup-1-3] DEBUG io.micronaut.http.server.RequestLifecycle - No matching route: GET /favicon.ico
2025-06-05 18:47:49.406 [default-nioEventLoopGroup-1-3] DEBUG i.m.http.server.netty.RoutingInBoundHandler - Response 404 - GET /favicon.ico
2025-06-05 18:47:53.042 [default-nioEventLoopGroup-1-3] DEBUG i.m.http.server.netty.NettyRequestLifecycle - Request GET /
2025-06-05 18:47:53.042 [default-nioEventLoopGroup-1-3] DEBUG io.micronaut.http.server.RequestLifecycle - No matching route: GET /
2025-06-05 18:47:53.045 [default-nioEventLoopGroup-1-3] DEBUG i.m.http.server.netty.RoutingInBoundHandler - Response 404 - GET /
2025-06-05 18:47:55.357 [default-nioEventLoopGroup-1-5] DEBUG i.m.http.server.netty.NettyRequestLifecycle - Request GET /api/v1/auth/api-keys
2025-06-05 18:47:55.365 [default-nioEventLoopGroup-1-5] DEBUG i.m.http.server.netty.RoutingInBoundHandler - Response 200 - GET /api/v1/auth/api-keys
2025-06-05 18:48:10.573 [default-nioEventLoopGroup-1-6] DEBUG i.m.http.server.netty.NettyRequestLifecycle - Request GET /api/v1/auth/status
2025-06-05 18:48:10.575 [default-nioEventLoopGroup-1-6] DEBUG i.m.http.server.netty.RoutingInBoundHandler - Response 200 - GET /api/v1/auth/status
2025-06-05 18:48:25.175 [default-nioEventLoopGroup-1-7] DEBUG i.m.http.server.netty.NettyRequestLifecycle - Request GET /api/v1/blueprints
2025-06-05 18:48:25.302 [default-nioEventLoopGroup-1-7] ERROR io.micronaut.http.server.RouteExecutor - Unexpected error occurred: Failed to inject value for parameter [securityService] of class: io.kestra.blueprint.security.PermissionInterceptor

Message: No bean of type [io.micronaut.security.utils.SecurityService] exists. 
* [SecurityService] is disabled because it is within the package [io.micronaut.security] which is disabled due to bean requirements: 
 - Property [micronaut.security.enabled] with value [false] should not equal: false
Path Taken: 
new i.k.b.c.BlueprintController(BlueprintService blueprintService, OfficialBlueprintSyncService officialBlueprintSyncService)
\---> new i.k.b.c.BlueprintController(BlueprintService blueprintService, OfficialBlueprintSyncService officialBlueprintSyncService)
      \---> new @j.i.Singleton i.k.b.s.PermissionInterceptor([SecurityService securityService], TenantContext tenantContext)
io.micronaut.context.exceptions.DependencyInjectionException: Failed to inject value for parameter [securityService] of class: io.kestra.blueprint.security.PermissionInterceptor

Message: No bean of type [io.micronaut.security.utils.SecurityService] exists. 
* [SecurityService] is disabled because it is within the package [io.micronaut.security] which is disabled due to bean requirements: 
 - Property [micronaut.security.enabled] with value [false] should not equal: false
Path Taken: 
new i.k.b.c.BlueprintController(BlueprintService blueprintService, OfficialBlueprintSyncService officialBlueprintSyncService)
\---> new i.k.b.c.BlueprintController(BlueprintService blueprintService, OfficialBlueprintSyncService officialBlueprintSyncService)
      \---> new @j.i.Singleton i.k.b.s.PermissionInterceptor([SecurityService securityService], TenantContext tenantContext)
	at io.micronaut.context.AbstractInitializableBeanDefinition.resolveBean(AbstractInitializableBeanDefinition.java:2139)
	at io.micronaut.context.AbstractInitializableBeanDefinition.getBeanForConstructorArgument(AbstractInitializableBeanDefinition.java:1352)
	at io.kestra.blueprint.security.$PermissionInterceptor$Definition.instantiate(Unknown Source)
	at io.micronaut.context.DefaultBeanContext.resolveByBeanFactory(DefaultBeanContext.java:2335)
	at io.micronaut.context.DefaultBeanContext.createRegistration(DefaultBeanContext.java:3146)
	at io.micronaut.context.SingletonScope.getOrCreate(SingletonScope.java:80)
	at io.micronaut.context.DefaultBeanContext.resolveBeanRegistration(DefaultBeanContext.java:2996)
	at io.micronaut.context.DefaultBeanContext.addCandidateToList(DefaultBeanContext.java:3605)
	at io.micronaut.context.DefaultBeanContext.resolveBeanRegistrations(DefaultBeanContext.java:3560)
	at io.micronaut.context.DefaultBeanContext.getBeanRegistrations(DefaultBeanContext.java:3534)
	at io.micronaut.context.AbstractBeanResolutionContext.getBeanRegistrations(AbstractBeanResolutionContext.java:316)
	at io.micronaut.context.AbstractInitializableBeanDefinition.resolveBeanRegistrations(AbstractInitializableBeanDefinition.java:2279)
	at io.micronaut.context.AbstractInitializableBeanDefinition.getBeanRegistrationsForConstructorArgument(AbstractInitializableBeanDefinition.java:1524)
	at io.kestra.blueprint.controller.$BlueprintController$Definition$Intercepted$Definition.instantiate(Unknown Source)
	at io.micronaut.context.DefaultBeanContext.resolveByBeanFactory(DefaultBeanContext.java:2335)
	at io.micronaut.context.DefaultBeanContext.createRegistration(DefaultBeanContext.java:3146)
	at io.micronaut.context.SingletonScope.getOrCreate(SingletonScope.java:80)
	at io.micronaut.context.DefaultBeanContext.resolveBeanRegistration(DefaultBeanContext.java:2996)
	at io.micronaut.context.DefaultBeanContext.resolveBeanRegistration(DefaultBeanContext.java:2965)
	at io.micronaut.context.DefaultBeanContext.getBean(DefaultBeanContext.java:1745)
	at io.micronaut.context.DefaultBeanContext$BeanContextExecutionHandle.getTarget(DefaultBeanContext.java:4452)
	at io.micronaut.context.DefaultBeanContext$BeanContextUnsafeExecutionHandle.invokeUnsafe(DefaultBeanContext.java:4419)
	at io.micronaut.web.router.AbstractRouteMatch.execute(AbstractRouteMatch.java:272)
	at io.micronaut.web.router.DefaultUriRouteMatch.execute(DefaultUriRouteMatch.java:38)
	at io.micronaut.http.server.RouteExecutor.executeRouteAndConvertBody(RouteExecutor.java:493)
	at io.micronaut.http.server.RouteExecutor.callRoute(RouteExecutor.java:483)
	at io.micronaut.http.server.RequestLifecycle.callRoute(RequestLifecycle.java:187)
	at io.micronaut.http.server.RequestLifecycle.executeRoute(RequestLifecycle.java:175)
	at io.micronaut.http.server.RequestLifecycle$2.provideResponse(RequestLifecycle.java:395)
	at io.micronaut.http.filter.FilterRunner.provideResponseAndHandleErrors(FilterRunner.java:372)
	at io.micronaut.http.filter.FilterRunner.filterRequest(FilterRunner.java:307)
	at io.micronaut.http.filter.FilterRunner.lambda$filterRequest$2(FilterRunner.java:280)
	at io.micronaut.http.filter.AroundLegacyFilter$FilterChainImpl.proceed(AroundLegacyFilter.java:122)
	at io.micronaut.tracing.opentelemetry.instrument.http.server.OpenTelemetryServerFilter.doFilter(OpenTelemetryServerFilter.java:93)
	at io.micronaut.http.filter.HttpServerFilter.doFilter(HttpServerFilter.java:48)
	at io.micronaut.http.filter.AroundLegacyFilter.processRequestFilter(AroundLegacyFilter.java:75)
	at io.micronaut.http.filter.FilterRunner.filterRequest(FilterRunner.java:276)
	at io.micronaut.http.filter.FilterRunner.run(FilterRunner.java:247)
	at io.micronaut.http.server.RequestLifecycle.runServerFilters(RequestLifecycle.java:427)
	at io.micronaut.http.server.RequestLifecycle.normalFlow(RequestLifecycle.java:165)
	at io.micronaut.http.server.netty.NettyRequestLifecycle.handleNormal(NettyRequestLifecycle.java:93)
	at io.micronaut.http.server.netty.RoutingInBoundHandler.accept(RoutingInBoundHandler.java:203)
	at io.micronaut.http.server.netty.websocket.NettyServerWebSocketUpgradeHandler.accept(NettyServerWebSocketUpgradeHandler.java:156)
	at io.micronaut.http.server.netty.handler.PipeliningServerHandler$MessageInboundHandler.read(PipeliningServerHandler.java:400)
	at io.micronaut.http.server.netty.handler.PipeliningServerHandler.channelRead(PipeliningServerHandler.java:221)
	at io.netty.channel.AbstractChannelHandlerContext.invokeChannelRead(AbstractChannelHandlerContext.java:444)
	at io.netty.channel.AbstractChannelHandlerContext.invokeChannelRead(AbstractChannelHandlerContext.java:420)
	at io.netty.channel.AbstractChannelHandlerContext.fireChannelRead(AbstractChannelHandlerContext.java:412)
	at io.netty.channel.ChannelInboundHandlerAdapter.channelRead(ChannelInboundHandlerAdapter.java:93)
	at io.netty.handler.codec.http.websocketx.extensions.WebSocketServerExtensionHandler.onHttpRequestChannelRead(WebSocketServerExtensionHandler.java:158)
	at io.netty.handler.codec.http.websocketx.extensions.WebSocketServerExtensionHandler.channelRead(WebSocketServerExtensionHandler.java:82)
	at io.netty.channel.AbstractChannelHandlerContext.invokeChannelRead(AbstractChannelHandlerContext.java:442)
	at io.netty.channel.AbstractChannelHandlerContext.invokeChannelRead(AbstractChannelHandlerContext.java:420)
	at io.netty.channel.AbstractChannelHandlerContext.fireChannelRead(AbstractChannelHandlerContext.java:412)
	at io.netty.channel.CombinedChannelDuplexHandler$DelegatingChannelHandlerContext.fireChannelRead(CombinedChannelDuplexHandler.java:436)
	at io.netty.handler.codec.ByteToMessageDecoder.fireChannelRead(ByteToMessageDecoder.java:346)
	at io.netty.handler.codec.ByteToMessageDecoder.channelRead(ByteToMessageDecoder.java:318)
	at io.netty.channel.CombinedChannelDuplexHandler.channelRead(CombinedChannelDuplexHandler.java:251)
	at io.netty.channel.AbstractChannelHandlerContext.invokeChannelRead(AbstractChannelHandlerContext.java:442)
	at io.netty.channel.AbstractChannelHandlerContext.invokeChannelRead(AbstractChannelHandlerContext.java:420)
	at io.netty.channel.AbstractChannelHandlerContext.fireChannelRead(AbstractChannelHandlerContext.java:412)
	at io.netty.handler.timeout.IdleStateHandler.channelRead(IdleStateHandler.java:289)
	at io.netty.channel.AbstractChannelHandlerContext.invokeChannelRead(AbstractChannelHandlerContext.java:442)
	at io.netty.channel.AbstractChannelHandlerContext.invokeChannelRead(AbstractChannelHandlerContext.java:420)
	at io.netty.channel.AbstractChannelHandlerContext.fireChannelRead(AbstractChannelHandlerContext.java:412)
	at io.netty.channel.DefaultChannelPipeline$HeadContext.channelRead(DefaultChannelPipeline.java:1357)
	at io.netty.channel.AbstractChannelHandlerContext.invokeChannelRead(AbstractChannelHandlerContext.java:440)
	at io.netty.channel.AbstractChannelHandlerContext.invokeChannelRead(AbstractChannelHandlerContext.java:420)
	at io.netty.channel.DefaultChannelPipeline.fireChannelRead(DefaultChannelPipeline.java:868)
	at io.netty.channel.nio.AbstractNioByteChannel$NioByteUnsafe.read(AbstractNioByteChannel.java:166)
	at io.netty.channel.nio.NioEventLoop.processSelectedKey(NioEventLoop.java:796)
	at io.netty.channel.nio.NioEventLoop.processSelectedKeysOptimized(NioEventLoop.java:732)
	at io.netty.channel.nio.NioEventLoop.processSelectedKeys(NioEventLoop.java:658)
	at io.netty.channel.nio.NioEventLoop.run(NioEventLoop.java:562)
	at io.netty.util.concurrent.SingleThreadEventExecutor$4.run(SingleThreadEventExecutor.java:998)
	at io.netty.util.internal.ThreadExecutorMap$2.run(ThreadExecutorMap.java:74)
	at io.netty.util.concurrent.FastThreadLocalRunnable.run(FastThreadLocalRunnable.java:30)
	at java.base/java.lang.Thread.run(Thread.java:1583)
Caused by: io.micronaut.context.exceptions.NoSuchBeanException: No bean of type [io.micronaut.security.utils.SecurityService] exists. 
* [SecurityService] is disabled because it is within the package [io.micronaut.security] which is disabled due to bean requirements: 
 - Property [micronaut.security.enabled] with value [false] should not equal: false
	at io.micronaut.context.DefaultBeanContext.newNoSuchBeanException(DefaultBeanContext.java:2800)
	at io.micronaut.context.DefaultApplicationContext.newNoSuchBeanException(DefaultApplicationContext.java:338)
	at io.micronaut.context.DefaultBeanContext.resolveBeanRegistration(DefaultBeanContext.java:2763)
	at io.micronaut.context.DefaultBeanContext.getBean(DefaultBeanContext.java:1779)
	at io.micronaut.context.AbstractBeanResolutionContext.getBean(AbstractBeanResolutionContext.java:210)
	at io.micronaut.context.AbstractInitializableBeanDefinition.resolveBean(AbstractInitializableBeanDefinition.java:2122)
	... 77 common frames omitted
2025-06-05 18:48:25.304 [default-nioEventLoopGroup-1-7] DEBUG i.m.http.server.netty.RoutingInBoundHandler - Response 500 - GET /api/v1/blueprints
2025-06-05 18:50:01.085 [Thread-0] INFO  io.micronaut.runtime.Micronaut - Embedded Application shutting down
2025-06-05 18:50:01.110 [Thread-0] INFO  com.zaxxer.hikari.HikariDataSource - HikariPool-1 - Shutdown initiated...
2025-06-05 18:50:01.112 [Thread-0] INFO  com.zaxxer.hikari.HikariDataSource - HikariPool-1 - Shutdown completed.
2025-06-05 18:50:14.656 [main] INFO  org.hibernate.validator.internal.util.Version - HV000001: Hibernate Validator 8.0.2.Final
2025-06-05 18:50:14.719 [main] INFO  org.hibernate.Version - HHH000412: Hibernate ORM core version 6.6.9.Final
2025-06-05 18:50:14.732 [main] INFO  com.zaxxer.hikari.HikariDataSource - HikariPool-1 - Starting...
2025-06-05 18:50:14.816 [main] INFO  com.zaxxer.hikari.pool.HikariPool - HikariPool-1 - Added connection conn0: url=jdbc:h2:mem:testDb user=SA
2025-06-05 18:50:14.817 [main] INFO  com.zaxxer.hikari.HikariDataSource - HikariPool-1 - Start completed.
2025-06-05 18:50:14.859 [main] INFO  o.hibernate.cache.internal.RegionFactoryInitiator - HHH000026: Second-level cache disabled
2025-06-05 18:50:14.900 [main] WARN  org.hibernate.orm.deprecation - HHH90000025: H2Dialect does not need to be specified explicitly using 'hibernate.dialect' (remove the property setting and it will be selected by default)
2025-06-05 18:50:14.909 [main] INFO  org.hibernate.orm.connections.pooling - HHH10001005: Database info:
	Database JDBC URL [Connecting through datasource 'HikariDataSource (HikariPool-1)']
	Database driver: undefined/unknown
	Database version: 2.3.232
	Autocommit mode: undefined/unknown
	Isolation level: undefined/unknown
	Minimum pool size: undefined/unknown
	Maximum pool size: undefined/unknown
2025-06-05 18:50:15.352 [main] INFO  i.m.logging.PropertiesLoggingLevelsConfigurer - Setting log level 'DEBUG' for logger: 'org.hibernate.SQL'
2025-06-05 18:50:15.352 [main] INFO  i.m.logging.PropertiesLoggingLevelsConfigurer - Setting log level 'DEBUG' for logger: 'org.hibernate.sql'
2025-06-05 18:50:15.352 [main] INFO  i.m.logging.PropertiesLoggingLevelsConfigurer - Setting log level 'DEBUG' for logger: 'io.kestra.blueprint'
2025-06-05 18:50:15.352 [main] INFO  i.m.logging.PropertiesLoggingLevelsConfigurer - Setting log level 'WARN' for logger: 'org.hibernate.type.descriptor.sql.BasicBinder'
2025-06-05 18:50:15.352 [main] INFO  i.m.logging.PropertiesLoggingLevelsConfigurer - Setting log level 'WARN' for logger: 'org.hibernate.type.descriptor.sql.basic-binder'
2025-06-05 18:50:15.775 [main] INFO  io.kestra.blueprint.metrics.BlueprintMetrics - Blueprint metrics initialized
2025-06-05 18:50:15.777 [main] INFO  io.micronaut.runtime.Micronaut - Startup completed in 1393ms. Server Running: http://localhost:8084
2025-06-05 18:50:29.402 [default-nioEventLoopGroup-1-2] DEBUG i.m.http.server.netty.NettyRequestLifecycle - Request GET /api/v1/blueprints
2025-06-05 18:50:29.607 [default-nioEventLoopGroup-1-2] DEBUG i.m.http.server.netty.RoutingInBoundHandler - Response 200 - GET /api/v1/blueprints
2025-06-05 18:50:44.489 [default-nioEventLoopGroup-1-3] DEBUG i.m.http.server.netty.NettyRequestLifecycle - Request GET /api/v1/namespaces
2025-06-05 18:50:44.490 [default-nioEventLoopGroup-1-3] DEBUG io.micronaut.http.server.RequestLifecycle - No matching route: GET /api/v1/namespaces
2025-06-05 18:50:44.499 [default-nioEventLoopGroup-1-3] DEBUG i.m.http.server.netty.RoutingInBoundHandler - Response 404 - GET /api/v1/namespaces
2025-06-05 18:50:57.210 [default-nioEventLoopGroup-1-4] DEBUG i.m.http.server.netty.NettyRequestLifecycle - Request GET /swagger-ui/index.html
2025-06-05 18:50:57.210 [default-nioEventLoopGroup-1-4] DEBUG io.micronaut.http.server.RequestLifecycle - No matching route: GET /swagger-ui/index.html
2025-06-05 18:50:57.211 [default-nioEventLoopGroup-1-4] DEBUG i.m.http.server.netty.RoutingInBoundHandler - Response 404 - GET /swagger-ui/index.html
2025-06-05 18:51:13.679 [default-nioEventLoopGroup-1-5] DEBUG i.m.http.server.netty.NettyRequestLifecycle - Request GET /swagger-ui/index.html
2025-06-05 18:51:13.680 [default-nioEventLoopGroup-1-5] DEBUG io.micronaut.http.server.RequestLifecycle - No matching route: GET /swagger-ui/index.html
2025-06-05 18:51:13.686 [default-nioEventLoopGroup-1-5] DEBUG i.m.http.server.netty.RoutingInBoundHandler - Response 404 - GET /swagger-ui/index.html
2025-06-05 21:20:49.976 [main] INFO  org.hibernate.validator.internal.util.Version - HV000001: Hibernate Validator 8.0.2.Final
2025-06-05 21:20:50.064 [main] INFO  org.hibernate.Version - HHH000412: Hibernate ORM core version 6.6.9.Final
2025-06-05 21:20:50.079 [main] INFO  com.zaxxer.hikari.HikariDataSource - HikariPool-1 - Starting...
2025-06-05 21:20:50.173 [main] INFO  com.zaxxer.hikari.pool.HikariPool - HikariPool-1 - Added connection conn0: url=jdbc:h2:mem:testDb user=SA
2025-06-05 21:20:50.173 [main] INFO  com.zaxxer.hikari.HikariDataSource - HikariPool-1 - Start completed.
2025-06-05 21:20:50.235 [main] INFO  o.hibernate.cache.internal.RegionFactoryInitiator - HHH000026: Second-level cache disabled
2025-06-05 21:20:50.286 [main] WARN  org.hibernate.orm.deprecation - HHH90000025: H2Dialect does not need to be specified explicitly using 'hibernate.dialect' (remove the property setting and it will be selected by default)
2025-06-05 21:20:50.295 [main] INFO  org.hibernate.orm.connections.pooling - HHH10001005: Database info:
	Database JDBC URL [Connecting through datasource 'HikariDataSource (HikariPool-1)']
	Database driver: undefined/unknown
	Database version: 2.3.232
	Autocommit mode: undefined/unknown
	Isolation level: undefined/unknown
	Minimum pool size: undefined/unknown
	Maximum pool size: undefined/unknown
2025-06-05 21:20:50.817 [main] INFO  i.m.logging.PropertiesLoggingLevelsConfigurer - Setting log level 'DEBUG' for logger: 'org.hibernate.SQL'
2025-06-05 21:20:50.817 [main] INFO  i.m.logging.PropertiesLoggingLevelsConfigurer - Setting log level 'DEBUG' for logger: 'org.hibernate.sql'
2025-06-05 21:20:50.817 [main] INFO  i.m.logging.PropertiesLoggingLevelsConfigurer - Setting log level 'DEBUG' for logger: 'io.kestra.blueprint'
2025-06-05 21:20:50.817 [main] INFO  i.m.logging.PropertiesLoggingLevelsConfigurer - Setting log level 'WARN' for logger: 'org.hibernate.type.descriptor.sql.BasicBinder'
2025-06-05 21:20:50.817 [main] INFO  i.m.logging.PropertiesLoggingLevelsConfigurer - Setting log level 'WARN' for logger: 'org.hibernate.type.descriptor.sql.basic-binder'
2025-06-05 21:20:51.251 [main] INFO  io.kestra.blueprint.metrics.BlueprintMetrics - Blueprint metrics initialized
2025-06-05 21:20:51.254 [main] INFO  io.micronaut.runtime.Micronaut - Startup completed in 1567ms. Server Running: http://localhost:8084
2025-06-05 21:21:10.783 [default-nioEventLoopGroup-1-2] DEBUG i.m.http.server.netty.NettyRequestLifecycle - Request GET /
2025-06-05 21:21:10.830 [default-nioEventLoopGroup-1-2] DEBUG io.micronaut.http.server.RequestLifecycle - No matching route: GET /
2025-06-05 21:21:10.850 [default-nioEventLoopGroup-1-2] DEBUG i.m.http.server.netty.RoutingInBoundHandler - Response 404 - GET /
2025-06-05 21:28:14.698 [default-nioEventLoopGroup-1-4] DEBUG i.m.http.server.netty.NettyRequestLifecycle - Request POST /api/v1/blueprints/sync/official
2025-06-05 21:28:14.708 [default-nioEventLoopGroup-1-4] INFO  i.k.blueprint.service.SimpleBlueprintSyncService - 开始同步官方蓝图...
2025-06-05 21:28:14.796 [default-nioEventLoopGroup-1-4] INFO  i.k.blueprint.service.SimpleBlueprintSyncService - 创建官方命名空间: official
2025-06-05 21:28:14.802 [default-nioEventLoopGroup-1-4] INFO  i.k.blueprint.service.SimpleBlueprintSyncService - 准备同步 5 个示例蓝图
2025-06-05 21:28:14.839 [default-nioEventLoopGroup-1-4] DEBUG i.k.blueprint.service.SimpleBlueprintSyncService - 创建新蓝图: 数据ETL流水线
2025-06-05 21:28:14.839 [default-nioEventLoopGroup-1-4] DEBUG i.k.blueprint.service.SimpleBlueprintSyncService - 成功同步蓝图: 数据ETL流水线
2025-06-05 21:28:14.841 [default-nioEventLoopGroup-1-4] DEBUG i.k.blueprint.service.SimpleBlueprintSyncService - 创建新蓝图: API数据同步
2025-06-05 21:28:14.842 [default-nioEventLoopGroup-1-4] DEBUG i.k.blueprint.service.SimpleBlueprintSyncService - 成功同步蓝图: API数据同步
2025-06-05 21:28:14.844 [default-nioEventLoopGroup-1-4] DEBUG i.k.blueprint.service.SimpleBlueprintSyncService - 创建新蓝图: 文件处理流水线
2025-06-05 21:28:14.844 [default-nioEventLoopGroup-1-4] DEBUG i.k.blueprint.service.SimpleBlueprintSyncService - 成功同步蓝图: 文件处理流水线
2025-06-05 21:28:14.846 [default-nioEventLoopGroup-1-4] DEBUG i.k.blueprint.service.SimpleBlueprintSyncService - 创建新蓝图: 定时报告生成
2025-06-05 21:28:14.846 [default-nioEventLoopGroup-1-4] DEBUG i.k.blueprint.service.SimpleBlueprintSyncService - 成功同步蓝图: 定时报告生成
2025-06-05 21:28:14.847 [default-nioEventLoopGroup-1-4] DEBUG i.k.blueprint.service.SimpleBlueprintSyncService - 创建新蓝图: 数据质量检查
2025-06-05 21:28:14.847 [default-nioEventLoopGroup-1-4] DEBUG i.k.blueprint.service.SimpleBlueprintSyncService - 成功同步蓝图: 数据质量检查
2025-06-05 21:28:14.848 [default-nioEventLoopGroup-1-4] INFO  i.k.blueprint.service.SimpleBlueprintSyncService - 蓝图同步完成 - 成功: 5, 失败: 0, 耗时: 140ms
2025-06-05 21:28:14.870 [default-nioEventLoopGroup-1-4] DEBUG i.m.http.server.netty.RoutingInBoundHandler - Response 200 - POST /api/v1/blueprints/sync/official
2025-06-05 21:28:58.899 [default-nioEventLoopGroup-1-5] DEBUG i.m.http.server.netty.NettyRequestLifecycle - Request GET /api/v1/blueprints
2025-06-05 21:28:58.924 [default-nioEventLoopGroup-1-5] ERROR io.micronaut.http.server.RouteExecutor - Unexpected error occurred: failed to lazily initialize a collection of role: io.kestra.blueprint.models.Blueprint.tags: could not initialize proxy - no Session
org.hibernate.LazyInitializationException: failed to lazily initialize a collection of role: io.kestra.blueprint.models.Blueprint.tags: could not initialize proxy - no Session
	at org.hibernate.collection.spi.AbstractPersistentCollection.throwLazyInitializationException(AbstractPersistentCollection.java:635)
	at org.hibernate.collection.spi.AbstractPersistentCollection.withTemporarySessionIfNeeded(AbstractPersistentCollection.java:219)
	at org.hibernate.collection.spi.AbstractPersistentCollection.initialize(AbstractPersistentCollection.java:614)
	at org.hibernate.collection.spi.AbstractPersistentCollection.read(AbstractPersistentCollection.java:138)
	at org.hibernate.collection.spi.PersistentBag.toString(PersistentBag.java:587)
	at java.base/java.lang.StringConcatHelper.stringOf(StringConcatHelper.java:467)
	at io.kestra.blueprint.dto.BlueprintDto.toString(BlueprintDto.kt)
	at java.base/java.lang.String.valueOf(String.java:4465)
	at java.base/java.lang.StringBuilder.append(StringBuilder.java:173)
	at java.base/java.util.AbstractCollection.toString(AbstractCollection.java:459)
	at java.base/java.lang.StringConcatHelper.stringOf(StringConcatHelper.java:467)
	at io.kestra.blueprint.dto.BlueprintListResponse.toString(BlueprintDto.kt)
	at java.base/java.lang.String.valueOf(String.java:4465)
	at io.micronaut.json.body.JsonMessageHandler.writePiece(JsonMessageHandler.java:165)
	at io.micronaut.json.body.JsonMessageHandler.write(JsonMessageHandler.java:157)
	at io.micronaut.http.netty.body.NettyJsonHandler.write(NettyJsonHandler.java:132)
	at io.micronaut.http.server.ResponseLifecycle.buildFinalResponse(ResponseLifecycle.java:331)
	at io.micronaut.http.server.ResponseLifecycle.encodeHttpResponse(ResponseLifecycle.java:177)
	at io.micronaut.http.server.ResponseLifecycle.encodeHttpResponseSafe(ResponseLifecycle.java:108)
	at io.micronaut.http.server.netty.RoutingInBoundHandler.writeResponse(RoutingInBoundHandler.java:216)
	at io.micronaut.http.server.netty.NettyRequestLifecycle.lambda$handleNormal$0(NettyRequestLifecycle.java:107)
	at io.micronaut.http.reactive.execution.ReactorExecutionFlowImpl$2.onComplete(ReactorExecutionFlowImpl.java:269)
	at reactor.core.publisher.MonoFlatMap$FlatMapMain.onNext(MonoFlatMap.java:159)
	at reactor.core.publisher.FluxOnErrorResume$ResumeSubscriber.onNext(FluxOnErrorResume.java:79)
	at reactor.core.publisher.FluxMap$MapSubscriber.onNext(FluxMap.java:122)
	at reactor.core.publisher.MonoNext$NextSubscriber.onNext(MonoNext.java:82)
	at reactor.core.publisher.MonoNext$NextSubscriber.onNext(MonoNext.java:82)
	at io.micronaut.core.async.propagation.ReactivePropagation$2.onNext(ReactivePropagation.java:122)
	at reactor.core.publisher.FluxContextWrite$ContextWriteSubscriber.onNext(FluxContextWrite.java:107)
	at reactor.core.publisher.MonoPeekTerminal$MonoTerminalPeekSubscriber.onNext(MonoPeekTerminal.java:180)
	at reactor.core.publisher.FluxPeekFuseable$PeekFuseableConditionalSubscriber.onNext(FluxPeekFuseable.java:503)
	at reactor.core.publisher.Operators$ScalarSubscription.request(Operators.java:2571)
	at reactor.core.publisher.FluxPeekFuseable$PeekFuseableConditionalSubscriber.request(FluxPeekFuseable.java:437)
	at reactor.core.publisher.MonoPeekTerminal$MonoTerminalPeekSubscriber.request(MonoPeekTerminal.java:139)
	at reactor.core.publisher.FluxContextWrite$ContextWriteSubscriber.request(FluxContextWrite.java:136)
	at reactor.core.publisher.MonoNext$NextSubscriber.request(MonoNext.java:108)
	at reactor.core.publisher.MonoNext$NextSubscriber.request(MonoNext.java:108)
	at reactor.core.publisher.FluxMap$MapSubscriber.request(FluxMap.java:164)
	at reactor.core.publisher.Operators$MultiSubscriptionSubscriber.set(Operators.java:2367)
	at reactor.core.publisher.FluxOnErrorResume$ResumeSubscriber.onSubscribe(FluxOnErrorResume.java:74)
	at reactor.core.publisher.FluxMap$MapSubscriber.onSubscribe(FluxMap.java:92)
	at reactor.core.publisher.MonoNext$NextSubscriber.onSubscribe(MonoNext.java:70)
	at reactor.core.publisher.MonoNext$NextSubscriber.onSubscribe(MonoNext.java:70)
	at io.micronaut.core.async.propagation.ReactivePropagation$2.onSubscribe(ReactivePropagation.java:115)
	at reactor.core.publisher.FluxContextWrite$ContextWriteSubscriber.onSubscribe(FluxContextWrite.java:101)
	at reactor.core.publisher.MonoPeekTerminal$MonoTerminalPeekSubscriber.onSubscribe(MonoPeekTerminal.java:152)
	at reactor.core.publisher.FluxPeekFuseable$PeekFuseableConditionalSubscriber.onSubscribe(FluxPeekFuseable.java:471)
	at reactor.core.publisher.MonoJust.subscribe(MonoJust.java:55)
	at reactor.core.publisher.Mono.subscribe(Mono.java:4576)
	at io.micronaut.core.async.propagation.ReactivePropagation$1.subscribe(ReactivePropagation.java:72)
	at io.micronaut.core.async.propagation.ReactivePropagation$1.subscribe(ReactivePropagation.java:79)
	at reactor.core.publisher.MonoFromPublisher.subscribe(MonoFromPublisher.java:64)
	at reactor.core.publisher.InternalMonoOperator.subscribe(InternalMonoOperator.java:76)
	at io.micronaut.http.reactive.execution.ReactorExecutionFlowImpl.onComplete(ReactorExecutionFlowImpl.java:233)
	at io.micronaut.http.server.netty.NettyRequestLifecycle.handleNormal(NettyRequestLifecycle.java:107)
	at io.micronaut.http.server.netty.RoutingInBoundHandler.accept(RoutingInBoundHandler.java:203)
	at io.micronaut.http.server.netty.websocket.NettyServerWebSocketUpgradeHandler.accept(NettyServerWebSocketUpgradeHandler.java:156)
	at io.micronaut.http.server.netty.handler.PipeliningServerHandler$MessageInboundHandler.read(PipeliningServerHandler.java:400)
	at io.micronaut.http.server.netty.handler.PipeliningServerHandler.channelRead(PipeliningServerHandler.java:221)
	at io.netty.channel.AbstractChannelHandlerContext.invokeChannelRead(AbstractChannelHandlerContext.java:444)
	at io.netty.channel.AbstractChannelHandlerContext.invokeChannelRead(AbstractChannelHandlerContext.java:420)
	at io.netty.channel.AbstractChannelHandlerContext.fireChannelRead(AbstractChannelHandlerContext.java:412)
	at io.netty.channel.ChannelInboundHandlerAdapter.channelRead(ChannelInboundHandlerAdapter.java:93)
	at io.netty.handler.codec.http.websocketx.extensions.WebSocketServerExtensionHandler.onHttpRequestChannelRead(WebSocketServerExtensionHandler.java:158)
	at io.netty.handler.codec.http.websocketx.extensions.WebSocketServerExtensionHandler.channelRead(WebSocketServerExtensionHandler.java:82)
	at io.netty.channel.AbstractChannelHandlerContext.invokeChannelRead(AbstractChannelHandlerContext.java:442)
	at io.netty.channel.AbstractChannelHandlerContext.invokeChannelRead(AbstractChannelHandlerContext.java:420)
	at io.netty.channel.AbstractChannelHandlerContext.fireChannelRead(AbstractChannelHandlerContext.java:412)
	at io.netty.channel.CombinedChannelDuplexHandler$DelegatingChannelHandlerContext.fireChannelRead(CombinedChannelDuplexHandler.java:436)
	at io.netty.handler.codec.ByteToMessageDecoder.fireChannelRead(ByteToMessageDecoder.java:346)
	at io.netty.handler.codec.ByteToMessageDecoder.channelRead(ByteToMessageDecoder.java:318)
	at io.netty.channel.CombinedChannelDuplexHandler.channelRead(CombinedChannelDuplexHandler.java:251)
	at io.netty.channel.AbstractChannelHandlerContext.invokeChannelRead(AbstractChannelHandlerContext.java:442)
	at io.netty.channel.AbstractChannelHandlerContext.invokeChannelRead(AbstractChannelHandlerContext.java:420)
	at io.netty.channel.AbstractChannelHandlerContext.fireChannelRead(AbstractChannelHandlerContext.java:412)
	at io.netty.handler.timeout.IdleStateHandler.channelRead(IdleStateHandler.java:289)
	at io.netty.channel.AbstractChannelHandlerContext.invokeChannelRead(AbstractChannelHandlerContext.java:442)
	at io.netty.channel.AbstractChannelHandlerContext.invokeChannelRead(AbstractChannelHandlerContext.java:420)
	at io.netty.channel.AbstractChannelHandlerContext.fireChannelRead(AbstractChannelHandlerContext.java:412)
	at io.netty.channel.DefaultChannelPipeline$HeadContext.channelRead(DefaultChannelPipeline.java:1357)
	at io.netty.channel.AbstractChannelHandlerContext.invokeChannelRead(AbstractChannelHandlerContext.java:440)
	at io.netty.channel.AbstractChannelHandlerContext.invokeChannelRead(AbstractChannelHandlerContext.java:420)
	at io.netty.channel.DefaultChannelPipeline.fireChannelRead(DefaultChannelPipeline.java:868)
	at io.netty.channel.nio.AbstractNioByteChannel$NioByteUnsafe.read(AbstractNioByteChannel.java:166)
	at io.netty.channel.nio.NioEventLoop.processSelectedKey(NioEventLoop.java:796)
	at io.netty.channel.nio.NioEventLoop.processSelectedKeysOptimized(NioEventLoop.java:732)
	at io.netty.channel.nio.NioEventLoop.processSelectedKeys(NioEventLoop.java:658)
	at io.netty.channel.nio.NioEventLoop.run(NioEventLoop.java:562)
	at io.netty.util.concurrent.SingleThreadEventExecutor$4.run(SingleThreadEventExecutor.java:998)
	at io.netty.util.internal.ThreadExecutorMap$2.run(ThreadExecutorMap.java:74)
	at io.netty.util.concurrent.FastThreadLocalRunnable.run(FastThreadLocalRunnable.java:30)
	at java.base/java.lang.Thread.run(Thread.java:1583)
2025-06-05 21:28:58.930 [default-nioEventLoopGroup-1-5] DEBUG i.m.http.server.netty.RoutingInBoundHandler - Response 500 - GET /api/v1/blueprints
2025-06-05 21:45:52.398 [HikariPool-1:housekeeper] WARN  com.zaxxer.hikari.pool.HikariPool - HikariPool-1 - Thread starvation or clock leap detected (housekeeper delta=3m31s970ms).
2025-06-06 09:02:41.244 [main] INFO  com.zaxxer.hikari.HikariDataSource - HikariPool-1 - Starting...
2025-06-06 09:02:41.332 [main] INFO  com.zaxxer.hikari.pool.HikariPool - HikariPool-1 - Added connection conn0: url=jdbc:h2:mem:testDb user=SA
2025-06-06 09:02:41.333 [main] INFO  com.zaxxer.hikari.HikariDataSource - HikariPool-1 - Start completed.
2025-06-06 09:02:41.468 [main] INFO  io.micronaut.flyway.AbstractFlywayMigration - Running migrations for database with qualifier [default]
2025-06-06 09:02:41.488 [main] INFO  org.flywaydb.core.FlywayExecutor - Database: jdbc:h2:mem:testDb (H2 2.3)
2025-06-06 09:02:41.499 [main] INFO  o.f.c.i.schemahistory.JdbcTableSchemaHistory - Schema history table "PUBLIC"."flyway_schema_history" does not exist yet
2025-06-06 09:02:41.500 [main] INFO  org.flywaydb.core.internal.command.DbValidate - Successfully validated 1 migration (execution time 00:00.004s)
2025-06-06 09:02:41.503 [main] INFO  o.f.c.i.schemahistory.JdbcTableSchemaHistory - Creating Schema History table "PUBLIC"."flyway_schema_history" ...
2025-06-06 09:02:41.516 [main] INFO  org.flywaydb.core.internal.command.DbMigrate - Current version of schema "PUBLIC": << Empty Schema >>
2025-06-06 09:02:41.521 [main] INFO  org.flywaydb.core.internal.command.DbMigrate - Migrating schema "PUBLIC" to version "1 - Create blueprint tables"
2025-06-06 09:02:41.532 [main] INFO  org.flywaydb.core.internal.command.DbMigrate - Successfully applied 1 migration to schema "PUBLIC", now at version v1 (execution time 00:00.006s)
2025-06-06 09:02:41.546 [main] WARN  io.micronaut.data.query - CREATE Statement Unsuccessful: Table "BLUEPRINTS" already exists; SQL statement:
CREATE TABLE `blueprints` (`id` VARCHAR(255) NOT NULL,`version` BIGINT NOT NULL,`namespace_id` VARCHAR(255) NOT NULL,`title` VARCHAR(255) NOT NULL,`description` VARCHAR(255),`content` VARCHAR(255) NOT NULL,`kind` VARCHAR(255),`is_public` BOOLEAN NOT NULL,`is_template` BOOLEAN NOT NULL,`created_by` VARCHAR(255) NOT NULL,`created_at` TIMESTAMP NOT NULL,`updated_at` TIMESTAMP NOT NULL, PRIMARY KEY(`id`)) [42101-232]
2025-06-06 09:02:41.554 [main] INFO  i.m.logging.PropertiesLoggingLevelsConfigurer - Setting log level 'DEBUG' for logger: 'io.kestra.blueprint'
2025-06-06 09:02:41.554 [main] INFO  i.m.logging.PropertiesLoggingLevelsConfigurer - Setting log level 'DEBUG' for logger: 'io.micronaut.data.query'
2025-06-06 09:02:41.674 [main] INFO  org.hibernate.validator.internal.util.Version - HV000001: Hibernate Validator 8.0.2.Final
2025-06-06 09:02:41.907 [main] DEBUG io.micronaut.data.query - Executing Query: SELECT COUNT(*) FROM `blueprints` blueprint_
2025-06-06 09:02:41.909 [main] INFO  io.kestra.blueprint.metrics.BlueprintMetrics - Blueprint metrics initialized
2025-06-06 09:02:41.912 [main] INFO  io.micronaut.runtime.Micronaut - Startup completed in 947ms. Server Running: http://localhost:8084
2025-06-06 09:03:41.617 [scheduled-executor-thread-1] DEBUG io.micronaut.data.query - Executing Query: SELECT COUNT(*) FROM `blueprints` blueprint_
2025-06-06 09:03:59.559 [default-nioEventLoopGroup-1-2] DEBUG i.m.http.server.netty.NettyRequestLifecycle - Request POST /api/v1/blueprints/sync/official
2025-06-06 09:03:59.613 [default-nioEventLoopGroup-1-2] DEBUG io.kestra.blueprint.security.TenantFilter - 设置租户上下文 - tenantId: default-tenant, namespaceId: test, userId: user123
2025-06-06 09:03:59.730 [default-nioEventLoopGroup-1-2] INFO  i.kestra.blueprint.controller.BlueprintController - 开始同步Kestra官方蓝图...
2025-06-06 09:03:59.730 [default-nioEventLoopGroup-1-2] INFO  i.k.blueprint.service.OfficialBlueprintSyncService - 开始同步Kestra官方蓝图...
2025-06-06 09:03:59.732 [default-nioEventLoopGroup-1-2] ERROR i.k.blueprint.service.OfficialBlueprintSyncService - 同步官方蓝图失败
io.micronaut.http.client.exceptions.HttpClientException: You are trying to run a BlockingHttpClient operation on a netty event loop thread. This is a common cause for bugs: Event loops should never be blocked. You can either mark your controller as @ExecuteOn(TaskExecutors.BLOCKING), or use the reactive HTTP client to resolve this bug. There is also a configuration option to disable this check if you are certain a blocking operation is fine here.
	at io.micronaut.http.client.netty.DefaultHttpClient$1.exchange(DefaultHttpClient.java:606)
	at io.micronaut.http.client.BlockingHttpClient.exchange(BlockingHttpClient.java:78)
	at io.micronaut.http.client.BlockingHttpClient.exchange(BlockingHttpClient.java:107)
	at io.kestra.blueprint.service.OfficialBlueprintSyncService.getFlowFiles(OfficialBlueprintSyncService.kt:107)
	at io.kestra.blueprint.service.OfficialBlueprintSyncService.syncOfficialBlueprints(OfficialBlueprintSyncService.kt:54)
	at io.kestra.blueprint.controller.BlueprintController.syncOfficialBlueprints(BlueprintController.kt:240)
	at io.kestra.blueprint.controller.$BlueprintController$Definition$Intercepted.$$access$$syncOfficialBlueprints(Unknown Source)
	at io.kestra.blueprint.controller.$BlueprintController$Definition$Exec.dispatch(Unknown Source)
	at io.micronaut.context.AbstractExecutableMethodsDefinition$DispatchedExecutableMethod.invoke(AbstractExecutableMethodsDefinition.java:456)
	at io.micronaut.aop.chain.MethodInterceptorChain.proceed(MethodInterceptorChain.java:134)
	at io.kestra.blueprint.security.PermissionInterceptor.intercept(PermissionInterceptor.kt:25)
	at io.micronaut.aop.chain.MethodInterceptorChain.proceed(MethodInterceptorChain.java:143)
	at io.micronaut.validation.ValidatingInterceptor.validateReturnExecutableValidator(ValidatingInterceptor.java:172)
	at io.micronaut.validation.ValidatingInterceptor.intercept(ValidatingInterceptor.java:115)
	at io.micronaut.aop.chain.MethodInterceptorChain.proceed(MethodInterceptorChain.java:143)
	at io.kestra.blueprint.controller.$BlueprintController$Definition$Intercepted.syncOfficialBlueprints(Unknown Source)
	at io.kestra.blueprint.controller.$BlueprintController$Definition$Exec.dispatch(Unknown Source)
	at io.micronaut.context.AbstractExecutableMethodsDefinition$DispatchedExecutableMethod.invokeUnsafe(AbstractExecutableMethodsDefinition.java:461)
	at io.micronaut.context.DefaultBeanContext$BeanContextUnsafeExecutionHandle.invokeUnsafe(DefaultBeanContext.java:4419)
	at io.micronaut.web.router.AbstractRouteMatch.execute(AbstractRouteMatch.java:231)
	at io.micronaut.web.router.DefaultUriRouteMatch.execute(DefaultUriRouteMatch.java:38)
	at io.micronaut.http.server.RouteExecutor.executeRouteAndConvertBody(RouteExecutor.java:493)
	at io.micronaut.http.server.RouteExecutor.callRoute(RouteExecutor.java:483)
	at io.micronaut.http.server.RequestLifecycle.callRoute(RequestLifecycle.java:187)
	at io.micronaut.http.server.RequestLifecycle.executeRoute(RequestLifecycle.java:175)
	at io.micronaut.http.server.RequestLifecycle$2.provideResponse(RequestLifecycle.java:395)
	at io.micronaut.http.filter.FilterRunner.provideResponseAndHandleErrors(FilterRunner.java:372)
	at io.micronaut.http.filter.FilterRunner.filterRequest(FilterRunner.java:307)
	at io.micronaut.http.filter.FilterRunner.lambda$filterRequest$2(FilterRunner.java:280)
	at io.micronaut.http.filter.AroundLegacyFilter$FilterChainImpl.proceed(AroundLegacyFilter.java:122)
	at io.micronaut.tracing.opentelemetry.instrument.http.server.OpenTelemetryServerFilter.doFilter(OpenTelemetryServerFilter.java:93)
	at io.micronaut.http.filter.HttpServerFilter.doFilter(HttpServerFilter.java:48)
	at io.micronaut.http.filter.AroundLegacyFilter.processRequestFilter(AroundLegacyFilter.java:75)
	at io.micronaut.http.filter.FilterRunner.filterRequest(FilterRunner.java:276)
	at io.micronaut.http.filter.FilterRunner.lambda$filterRequest$2(FilterRunner.java:280)
	at io.micronaut.http.filter.AroundLegacyFilter$FilterChainImpl.proceed(AroundLegacyFilter.java:122)
	at io.kestra.blueprint.security.TenantFilter.doFilter$lambda$0(TenantFilter.kt:45)
	at reactor.core.publisher.MonoCallable.call(MonoCallable.java:72)
	at reactor.core.publisher.FluxFlatMap.trySubscribeScalarMap(FluxFlatMap.java:128)
	at reactor.core.publisher.MonoFlatMapMany.subscribeOrReturn(MonoFlatMapMany.java:49)
	at reactor.core.publisher.Flux.subscribe(Flux.java:8876)
	at io.micronaut.core.async.propagation.ReactivePropagation$1.subscribe(ReactivePropagation.java:72)
	at io.micronaut.core.async.propagation.ReactivePropagation$1.subscribe(ReactivePropagation.java:79)
	at reactor.core.publisher.MonoFromPublisher.subscribe(MonoFromPublisher.java:64)
	at reactor.core.publisher.InternalMonoOperator.subscribe(InternalMonoOperator.java:76)
	at io.micronaut.http.reactive.execution.ReactorExecutionFlowImpl.onComplete(ReactorExecutionFlowImpl.java:233)
	at io.micronaut.http.server.netty.NettyRequestLifecycle.handleNormal(NettyRequestLifecycle.java:107)
	at io.micronaut.http.server.netty.RoutingInBoundHandler.accept(RoutingInBoundHandler.java:203)
	at io.micronaut.http.server.netty.websocket.NettyServerWebSocketUpgradeHandler.accept(NettyServerWebSocketUpgradeHandler.java:156)
	at io.micronaut.http.server.netty.handler.PipeliningServerHandler$MessageInboundHandler.read(PipeliningServerHandler.java:400)
	at io.micronaut.http.server.netty.handler.PipeliningServerHandler.channelRead(PipeliningServerHandler.java:221)
	at io.netty.channel.AbstractChannelHandlerContext.invokeChannelRead(AbstractChannelHandlerContext.java:444)
	at io.netty.channel.AbstractChannelHandlerContext.invokeChannelRead(AbstractChannelHandlerContext.java:420)
	at io.netty.channel.AbstractChannelHandlerContext.fireChannelRead(AbstractChannelHandlerContext.java:412)
	at io.netty.channel.ChannelInboundHandlerAdapter.channelRead(ChannelInboundHandlerAdapter.java:93)
	at io.netty.handler.codec.http.websocketx.extensions.WebSocketServerExtensionHandler.onHttpRequestChannelRead(WebSocketServerExtensionHandler.java:158)
	at io.netty.handler.codec.http.websocketx.extensions.WebSocketServerExtensionHandler.channelRead(WebSocketServerExtensionHandler.java:82)
	at io.netty.channel.AbstractChannelHandlerContext.invokeChannelRead(AbstractChannelHandlerContext.java:442)
	at io.netty.channel.AbstractChannelHandlerContext.invokeChannelRead(AbstractChannelHandlerContext.java:420)
	at io.netty.channel.AbstractChannelHandlerContext.fireChannelRead(AbstractChannelHandlerContext.java:412)
	at io.netty.channel.CombinedChannelDuplexHandler$DelegatingChannelHandlerContext.fireChannelRead(CombinedChannelDuplexHandler.java:436)
	at io.netty.handler.codec.ByteToMessageDecoder.fireChannelRead(ByteToMessageDecoder.java:346)
	at io.netty.handler.codec.ByteToMessageDecoder.channelRead(ByteToMessageDecoder.java:318)
	at io.netty.channel.CombinedChannelDuplexHandler.channelRead(CombinedChannelDuplexHandler.java:251)
	at io.netty.channel.AbstractChannelHandlerContext.invokeChannelRead(AbstractChannelHandlerContext.java:442)
	at io.netty.channel.AbstractChannelHandlerContext.invokeChannelRead(AbstractChannelHandlerContext.java:420)
	at io.netty.channel.AbstractChannelHandlerContext.fireChannelRead(AbstractChannelHandlerContext.java:412)
	at io.netty.handler.timeout.IdleStateHandler.channelRead(IdleStateHandler.java:289)
	at io.netty.channel.AbstractChannelHandlerContext.invokeChannelRead(AbstractChannelHandlerContext.java:442)
	at io.netty.channel.AbstractChannelHandlerContext.invokeChannelRead(AbstractChannelHandlerContext.java:420)
	at io.netty.channel.AbstractChannelHandlerContext.fireChannelRead(AbstractChannelHandlerContext.java:412)
	at io.netty.channel.DefaultChannelPipeline$HeadContext.channelRead(DefaultChannelPipeline.java:1357)
	at io.netty.channel.AbstractChannelHandlerContext.invokeChannelRead(AbstractChannelHandlerContext.java:440)
	at io.netty.channel.AbstractChannelHandlerContext.invokeChannelRead(AbstractChannelHandlerContext.java:420)
	at io.netty.channel.DefaultChannelPipeline.fireChannelRead(DefaultChannelPipeline.java:868)
	at io.netty.channel.nio.AbstractNioByteChannel$NioByteUnsafe.read(AbstractNioByteChannel.java:166)
	at io.netty.channel.nio.NioEventLoop.processSelectedKey(NioEventLoop.java:796)
	at io.netty.channel.nio.NioEventLoop.processSelectedKeysOptimized(NioEventLoop.java:732)
	at io.netty.channel.nio.NioEventLoop.processSelectedKeys(NioEventLoop.java:658)
	at io.netty.channel.nio.NioEventLoop.run(NioEventLoop.java:562)
	at io.netty.util.concurrent.SingleThreadEventExecutor$4.run(SingleThreadEventExecutor.java:998)
	at io.netty.util.internal.ThreadExecutorMap$2.run(ThreadExecutorMap.java:74)
	at io.netty.util.concurrent.FastThreadLocalRunnable.run(FastThreadLocalRunnable.java:30)
	at java.base/java.lang.Thread.run(Thread.java:1583)
2025-06-06 09:03:59.775 [default-nioEventLoopGroup-1-2] DEBUG i.m.http.server.netty.RoutingInBoundHandler - Response 200 - POST /api/v1/blueprints/sync/official
2025-06-06 09:04:41.627 [scheduled-executor-thread-1] DEBUG io.micronaut.data.query - Executing Query: SELECT COUNT(*) FROM `blueprints` blueprint_
2025-06-06 09:05:10.709 [Thread-0] INFO  io.micronaut.runtime.Micronaut - Embedded Application shutting down
2025-06-06 09:05:10.724 [Thread-0] INFO  com.zaxxer.hikari.HikariDataSource - HikariPool-1 - Shutdown initiated...
2025-06-06 09:05:10.726 [Thread-0] INFO  com.zaxxer.hikari.HikariDataSource - HikariPool-1 - Shutdown completed.
2025-06-06 09:05:25.166 [main] INFO  com.zaxxer.hikari.HikariDataSource - HikariPool-1 - Starting...
2025-06-06 09:05:25.256 [main] INFO  com.zaxxer.hikari.pool.HikariPool - HikariPool-1 - Added connection conn0: url=jdbc:h2:mem:testDb user=SA
2025-06-06 09:05:25.257 [main] INFO  com.zaxxer.hikari.HikariDataSource - HikariPool-1 - Start completed.
2025-06-06 09:05:25.410 [main] INFO  io.micronaut.flyway.AbstractFlywayMigration - Running migrations for database with qualifier [default]
2025-06-06 09:05:25.430 [main] INFO  org.flywaydb.core.FlywayExecutor - Database: jdbc:h2:mem:testDb (H2 2.3)
2025-06-06 09:05:25.440 [main] INFO  o.f.c.i.schemahistory.JdbcTableSchemaHistory - Schema history table "PUBLIC"."flyway_schema_history" does not exist yet
2025-06-06 09:05:25.441 [main] INFO  org.flywaydb.core.internal.command.DbValidate - Successfully validated 1 migration (execution time 00:00.005s)
2025-06-06 09:05:25.444 [main] INFO  o.f.c.i.schemahistory.JdbcTableSchemaHistory - Creating Schema History table "PUBLIC"."flyway_schema_history" ...
2025-06-06 09:05:25.463 [main] INFO  org.flywaydb.core.internal.command.DbMigrate - Current version of schema "PUBLIC": << Empty Schema >>
2025-06-06 09:05:25.483 [main] INFO  org.flywaydb.core.internal.command.DbMigrate - Migrating schema "PUBLIC" to version "1 - Create blueprint tables"
2025-06-06 09:05:25.497 [main] INFO  org.flywaydb.core.internal.command.DbMigrate - Successfully applied 1 migration to schema "PUBLIC", now at version v1 (execution time 00:00.010s)
2025-06-06 09:05:25.511 [main] WARN  io.micronaut.data.query - CREATE Statement Unsuccessful: Table "BLUEPRINTS" already exists; SQL statement:
CREATE TABLE `blueprints` (`id` VARCHAR(255) NOT NULL,`version` BIGINT NOT NULL,`namespace_id` VARCHAR(255) NOT NULL,`title` VARCHAR(255) NOT NULL,`description` VARCHAR(255),`content` VARCHAR(255) NOT NULL,`kind` VARCHAR(255),`is_public` BOOLEAN NOT NULL,`is_template` BOOLEAN NOT NULL,`created_by` VARCHAR(255) NOT NULL,`created_at` TIMESTAMP NOT NULL,`updated_at` TIMESTAMP NOT NULL, PRIMARY KEY(`id`)) [42101-232]
2025-06-06 09:05:25.523 [main] INFO  i.m.logging.PropertiesLoggingLevelsConfigurer - Setting log level 'DEBUG' for logger: 'io.kestra.blueprint'
2025-06-06 09:05:25.523 [main] INFO  i.m.logging.PropertiesLoggingLevelsConfigurer - Setting log level 'DEBUG' for logger: 'io.micronaut.data.query'
2025-06-06 09:05:25.646 [main] INFO  org.hibernate.validator.internal.util.Version - HV000001: Hibernate Validator 8.0.2.Final
2025-06-06 09:05:25.864 [main] DEBUG io.micronaut.data.query - Executing Query: SELECT COUNT(*) FROM `blueprints` blueprint_
2025-06-06 09:05:25.866 [main] INFO  io.kestra.blueprint.metrics.BlueprintMetrics - Blueprint metrics initialized
2025-06-06 09:05:25.868 [main] INFO  io.micronaut.runtime.Micronaut - Startup completed in 935ms. Server Running: http://localhost:8084
2025-06-06 09:06:25.561 [scheduled-executor-thread-1] DEBUG io.micronaut.data.query - Executing Query: SELECT COUNT(*) FROM `blueprints` blueprint_
2025-06-06 09:06:38.034 [default-nioEventLoopGroup-1-2] DEBUG i.m.http.server.netty.NettyRequestLifecycle - Request POST /api/v1/blueprints/sync/official
2025-06-06 09:06:38.097 [default-nioEventLoopGroup-1-2] DEBUG io.kestra.blueprint.security.TenantFilter - 设置租户上下文 - tenantId: default-tenant, namespaceId: test, userId: user123
2025-06-06 09:06:38.200 [virtual-executor4] INFO  i.kestra.blueprint.controller.BlueprintController - 开始同步Kestra官方蓝图...
2025-06-06 09:06:38.200 [virtual-executor4] INFO  i.k.blueprint.service.OfficialBlueprintSyncService - 开始同步Kestra官方蓝图...
2025-06-06 09:06:48.408 [virtual-executor4] ERROR i.k.blueprint.service.OfficialBlueprintSyncService - 同步官方蓝图失败
io.micronaut.http.client.exceptions.HttpClientException: Client 'https://api.github.com': Connect Error: handshake timed out after 10000ms
	at io.micronaut.http.client.netty.ConnectionManager$Pool.onNewConnectionFailure(ConnectionManager.java:1241)
	at io.micronaut.http.client.netty.ConnectionManager$Pool$1.onNewConnectionFailure(ConnectionManager.java:1205)
	at io.micronaut.http.client.netty.InitialConnectionErrorHandler.channelInactive(InitialConnectionErrorHandler.java:48)
	at io.netty.channel.AbstractChannelHandlerContext.invokeChannelInactive(AbstractChannelHandlerContext.java:303)
	at io.netty.channel.AbstractChannelHandlerContext.invokeChannelInactive(AbstractChannelHandlerContext.java:281)
	at io.netty.channel.AbstractChannelHandlerContext.fireChannelInactive(AbstractChannelHandlerContext.java:274)
	at io.netty.channel.ChannelInboundHandlerAdapter.channelInactive(ChannelInboundHandlerAdapter.java:81)
	at io.netty.handler.ssl.ApplicationProtocolNegotiationHandler.channelInactive(ApplicationProtocolNegotiationHandler.java:167)
	at io.netty.channel.AbstractChannelHandlerContext.invokeChannelInactive(AbstractChannelHandlerContext.java:303)
	at io.netty.channel.AbstractChannelHandlerContext.invokeChannelInactive(AbstractChannelHandlerContext.java:281)
	at io.netty.channel.AbstractChannelHandlerContext.fireChannelInactive(AbstractChannelHandlerContext.java:274)
	at io.netty.handler.codec.ByteToMessageDecoder.channelInputClosed(ByteToMessageDecoder.java:412)
	at io.netty.handler.codec.ByteToMessageDecoder.channelInactive(ByteToMessageDecoder.java:377)
	at io.netty.handler.ssl.SslHandler.channelInactive(SslHandler.java:1192)
	at io.netty.channel.AbstractChannelHandlerContext.invokeChannelInactive(AbstractChannelHandlerContext.java:303)
	at io.netty.channel.AbstractChannelHandlerContext.invokeChannelInactive(AbstractChannelHandlerContext.java:281)
	at io.netty.channel.AbstractChannelHandlerContext.fireChannelInactive(AbstractChannelHandlerContext.java:274)
	at io.netty.channel.DefaultChannelPipeline$HeadContext.channelInactive(DefaultChannelPipeline.java:1352)
	at io.netty.channel.AbstractChannelHandlerContext.invokeChannelInactive(AbstractChannelHandlerContext.java:301)
	at io.netty.channel.AbstractChannelHandlerContext.invokeChannelInactive(AbstractChannelHandlerContext.java:281)
	at io.netty.channel.DefaultChannelPipeline.fireChannelInactive(DefaultChannelPipeline.java:850)
	at io.netty.channel.AbstractChannel$AbstractUnsafe$7.run(AbstractChannel.java:811)
	at io.netty.util.concurrent.AbstractEventExecutor.runTask(AbstractEventExecutor.java:173)
	at io.netty.util.concurrent.AbstractEventExecutor.safeExecute(AbstractEventExecutor.java:166)
	at io.netty.util.concurrent.SingleThreadEventExecutor.runAllTasks(SingleThreadEventExecutor.java:472)
	at io.netty.channel.nio.NioEventLoop.run(NioEventLoop.java:569)
	at io.netty.util.concurrent.SingleThreadEventExecutor$4.run(SingleThreadEventExecutor.java:998)
	at io.netty.util.internal.ThreadExecutorMap$2.run(ThreadExecutorMap.java:74)
	at io.netty.util.concurrent.FastThreadLocalRunnable.run(FastThreadLocalRunnable.java:30)
	at java.base/java.lang.Thread.run(Thread.java:1583)
	Suppressed: java.lang.Exception: #block terminated with an error
		at reactor.core.publisher.BlockingSingleSubscriber.blockingGet(BlockingSingleSubscriber.java:104)
		at reactor.core.publisher.Mono.block(Mono.java:1779)
		at io.micronaut.http.client.netty.DefaultHttpClient$1.exchange(DefaultHttpClient.java:616)
		at io.micronaut.http.client.BlockingHttpClient.exchange(BlockingHttpClient.java:78)
		at io.micronaut.http.client.BlockingHttpClient.exchange(BlockingHttpClient.java:107)
		at io.kestra.blueprint.service.OfficialBlueprintSyncService.getFlowFiles(OfficialBlueprintSyncService.kt:107)
		at io.kestra.blueprint.service.OfficialBlueprintSyncService.syncOfficialBlueprints(OfficialBlueprintSyncService.kt:54)
		at io.kestra.blueprint.controller.BlueprintController.syncOfficialBlueprints(BlueprintController.kt:243)
		at io.kestra.blueprint.controller.$BlueprintController$Definition$Intercepted.$$access$$syncOfficialBlueprints(Unknown Source)
		at io.kestra.blueprint.controller.$BlueprintController$Definition$Exec.dispatch(Unknown Source)
		at io.micronaut.context.AbstractExecutableMethodsDefinition$DispatchedExecutableMethod.invoke(AbstractExecutableMethodsDefinition.java:456)
		at io.micronaut.aop.chain.MethodInterceptorChain.proceed(MethodInterceptorChain.java:134)
		at io.kestra.blueprint.security.PermissionInterceptor.intercept(PermissionInterceptor.kt:25)
		at io.micronaut.aop.chain.MethodInterceptorChain.proceed(MethodInterceptorChain.java:143)
		at io.micronaut.validation.ValidatingInterceptor.validateReturnExecutableValidator(ValidatingInterceptor.java:172)
		at io.micronaut.validation.ValidatingInterceptor.intercept(ValidatingInterceptor.java:115)
		at io.micronaut.aop.chain.MethodInterceptorChain.proceed(MethodInterceptorChain.java:143)
		at io.kestra.blueprint.controller.$BlueprintController$Definition$Intercepted.syncOfficialBlueprints(Unknown Source)
		at io.kestra.blueprint.controller.$BlueprintController$Definition$Exec.dispatch(Unknown Source)
		at io.micronaut.context.AbstractExecutableMethodsDefinition$DispatchedExecutableMethod.invokeUnsafe(AbstractExecutableMethodsDefinition.java:461)
		at io.micronaut.context.DefaultBeanContext$BeanContextUnsafeExecutionHandle.invokeUnsafe(DefaultBeanContext.java:4419)
		at io.micronaut.web.router.AbstractRouteMatch.execute(AbstractRouteMatch.java:231)
		at io.micronaut.web.router.DefaultUriRouteMatch.execute(DefaultUriRouteMatch.java:38)
		at io.micronaut.http.server.RouteExecutor.executeRouteAndConvertBody(RouteExecutor.java:493)
		at io.micronaut.http.server.RouteExecutor.lambda$callRoute$5(RouteExecutor.java:470)
		at io.micronaut.core.execution.ExecutionFlow.lambda$async$0(ExecutionFlow.java:92)
		at io.micronaut.core.propagation.PropagatedContext.lambda$wrap$3(PropagatedContext.java:211)
		at java.base/java.util.concurrent.ThreadPerTaskExecutor$TaskRunner.run(ThreadPerTaskExecutor.java:314)
		at java.base/java.lang.VirtualThread.run(VirtualThread.java:329)
Caused by: io.netty.handler.ssl.SslHandshakeTimeoutException: handshake timed out after 10000ms
	at io.netty.handler.ssl.SslHandler$8.run(SslHandler.java:2277)
	at io.netty.util.concurrent.PromiseTask.runTask(PromiseTask.java:98)
	at io.netty.util.concurrent.ScheduledFutureTask.run(ScheduledFutureTask.java:156)
	... 8 common frames omitted
2025-06-06 09:06:48.458 [virtual-executor4] DEBUG i.m.http.server.netty.RoutingInBoundHandler - Response 200 - POST /api/v1/blueprints/sync/official
2025-06-06 09:06:58.499 [default-nioEventLoopGroup-1-5] ERROR io.micronaut.http.client.netty.DefaultHttpClient - Failed to connect to remote
io.netty.handler.ssl.SslHandshakeTimeoutException: handshake timed out after 10000ms
	at io.netty.handler.ssl.SslHandler$8.run(SslHandler.java:2277)
	at io.netty.util.concurrent.PromiseTask.runTask(PromiseTask.java:98)
	at io.netty.util.concurrent.ScheduledFutureTask.run(ScheduledFutureTask.java:156)
	at io.netty.util.concurrent.AbstractEventExecutor.runTask(AbstractEventExecutor.java:173)
	at io.netty.util.concurrent.AbstractEventExecutor.safeExecute(AbstractEventExecutor.java:166)
	at io.netty.util.concurrent.SingleThreadEventExecutor.runAllTasks(SingleThreadEventExecutor.java:472)
	at io.netty.channel.nio.NioEventLoop.run(NioEventLoop.java:569)
	at io.netty.util.concurrent.SingleThreadEventExecutor$4.run(SingleThreadEventExecutor.java:998)
	at io.netty.util.internal.ThreadExecutorMap$2.run(ThreadExecutorMap.java:74)
	at io.netty.util.concurrent.FastThreadLocalRunnable.run(FastThreadLocalRunnable.java:30)
	at java.base/java.lang.Thread.run(Thread.java:1583)
2025-06-06 09:07:07.977 [default-nioEventLoopGroup-1-6] DEBUG i.m.http.server.netty.NettyRequestLifecycle - Request POST /api/v1/blueprints/sync/sample
2025-06-06 09:07:07.977 [default-nioEventLoopGroup-1-6] DEBUG io.kestra.blueprint.security.TenantFilter - 设置租户上下文 - tenantId: default-tenant, namespaceId: test, userId: user123
2025-06-06 09:07:07.977 [virtual-executor5] INFO  i.kestra.blueprint.controller.BlueprintController - 开始同步示例蓝图...
2025-06-06 09:07:07.977 [virtual-executor5] INFO  i.k.blueprint.service.SimpleBlueprintSyncService - 开始同步官方蓝图...
2025-06-06 09:07:07.978 [virtual-executor5] INFO  i.k.blueprint.service.SimpleBlueprintSyncService - 使用官方命名空间: official
2025-06-06 09:07:07.984 [virtual-executor5] INFO  i.k.blueprint.service.SimpleBlueprintSyncService - 准备同步 5 个示例蓝图
2025-06-06 09:07:07.986 [virtual-executor5] DEBUG io.micronaut.data.query - Executing Query: SELECT blueprint_.`id`,blueprint_.`version`,blueprint_.`namespace_id`,blueprint_.`title`,blueprint_.`description`,blueprint_.`content`,blueprint_.`kind`,blueprint_.`is_public`,blueprint_.`is_template`,blueprint_.`created_by`,blueprint_.`created_at`,blueprint_.`updated_at` FROM `blueprints` blueprint_ WHERE (blueprint_.`title` = ? AND blueprint_.`namespace_id` = ?)
2025-06-06 09:07:07.992 [virtual-executor5] DEBUG io.micronaut.data.query - Executing SQL query: INSERT INTO `blueprints` (`namespace_id`,`title`,`description`,`content`,`kind`,`is_public`,`is_template`,`created_by`,`created_at`,`updated_at`,`version`,`id`) VALUES (?,?,?,?,?,?,?,?,?,?,?,?)
2025-06-06 09:07:07.993 [virtual-executor5] DEBUG io.micronaut.data.query - Executing SQL query: INSERT INTO `blueprint_tags` (`blueprint_id`,`tag`) VALUES (?,?)
2025-06-06 09:07:07.994 [virtual-executor5] DEBUG io.micronaut.data.query - Executing SQL query: INSERT INTO `blueprint_tags` (`blueprint_id`,`tag`) VALUES (?,?)
2025-06-06 09:07:07.994 [virtual-executor5] DEBUG io.micronaut.data.query - Executing SQL query: INSERT INTO `blueprint_tags` (`blueprint_id`,`tag`) VALUES (?,?)
2025-06-06 09:07:07.994 [virtual-executor5] DEBUG io.micronaut.data.query - Executing SQL query: INSERT INTO `blueprint_tags` (`blueprint_id`,`tag`) VALUES (?,?)
2025-06-06 09:07:07.994 [virtual-executor5] DEBUG io.micronaut.data.query - Executing SQL query: INSERT INTO `blueprint_included_tasks` (`blueprint_id`,`task`) VALUES (?,?)
2025-06-06 09:07:07.995 [virtual-executor5] DEBUG io.micronaut.data.query - Executing SQL query: INSERT INTO `blueprint_included_tasks` (`blueprint_id`,`task`) VALUES (?,?)
2025-06-06 09:07:07.995 [virtual-executor5] DEBUG i.k.blueprint.service.SimpleBlueprintSyncService - 创建新蓝图: 数据ETL流水线
2025-06-06 09:07:07.995 [virtual-executor5] DEBUG i.k.blueprint.service.SimpleBlueprintSyncService - 成功同步蓝图: 数据ETL流水线
2025-06-06 09:07:07.995 [virtual-executor5] DEBUG io.micronaut.data.query - Executing Query: SELECT blueprint_.`id`,blueprint_.`version`,blueprint_.`namespace_id`,blueprint_.`title`,blueprint_.`description`,blueprint_.`content`,blueprint_.`kind`,blueprint_.`is_public`,blueprint_.`is_template`,blueprint_.`created_by`,blueprint_.`created_at`,blueprint_.`updated_at` FROM `blueprints` blueprint_ WHERE (blueprint_.`title` = ? AND blueprint_.`namespace_id` = ?)
2025-06-06 09:07:07.995 [virtual-executor5] DEBUG io.micronaut.data.query - Executing SQL query: INSERT INTO `blueprints` (`namespace_id`,`title`,`description`,`content`,`kind`,`is_public`,`is_template`,`created_by`,`created_at`,`updated_at`,`version`,`id`) VALUES (?,?,?,?,?,?,?,?,?,?,?,?)
2025-06-06 09:07:07.996 [virtual-executor5] DEBUG io.micronaut.data.query - Executing SQL query: INSERT INTO `blueprint_tags` (`blueprint_id`,`tag`) VALUES (?,?)
2025-06-06 09:07:07.996 [virtual-executor5] DEBUG io.micronaut.data.query - Executing SQL query: INSERT INTO `blueprint_tags` (`blueprint_id`,`tag`) VALUES (?,?)
2025-06-06 09:07:07.996 [virtual-executor5] DEBUG io.micronaut.data.query - Executing SQL query: INSERT INTO `blueprint_tags` (`blueprint_id`,`tag`) VALUES (?,?)
2025-06-06 09:07:07.996 [virtual-executor5] DEBUG io.micronaut.data.query - Executing SQL query: INSERT INTO `blueprint_tags` (`blueprint_id`,`tag`) VALUES (?,?)
2025-06-06 09:07:07.996 [virtual-executor5] DEBUG io.micronaut.data.query - Executing SQL query: INSERT INTO `blueprint_included_tasks` (`blueprint_id`,`task`) VALUES (?,?)
2025-06-06 09:07:07.997 [virtual-executor5] DEBUG io.micronaut.data.query - Executing SQL query: INSERT INTO `blueprint_included_tasks` (`blueprint_id`,`task`) VALUES (?,?)
2025-06-06 09:07:07.997 [virtual-executor5] DEBUG i.k.blueprint.service.SimpleBlueprintSyncService - 创建新蓝图: API数据同步
2025-06-06 09:07:07.997 [virtual-executor5] DEBUG i.k.blueprint.service.SimpleBlueprintSyncService - 成功同步蓝图: API数据同步
2025-06-06 09:07:07.997 [virtual-executor5] DEBUG io.micronaut.data.query - Executing Query: SELECT blueprint_.`id`,blueprint_.`version`,blueprint_.`namespace_id`,blueprint_.`title`,blueprint_.`description`,blueprint_.`content`,blueprint_.`kind`,blueprint_.`is_public`,blueprint_.`is_template`,blueprint_.`created_by`,blueprint_.`created_at`,blueprint_.`updated_at` FROM `blueprints` blueprint_ WHERE (blueprint_.`title` = ? AND blueprint_.`namespace_id` = ?)
2025-06-06 09:07:07.997 [virtual-executor5] DEBUG io.micronaut.data.query - Executing SQL query: INSERT INTO `blueprints` (`namespace_id`,`title`,`description`,`content`,`kind`,`is_public`,`is_template`,`created_by`,`created_at`,`updated_at`,`version`,`id`) VALUES (?,?,?,?,?,?,?,?,?,?,?,?)
2025-06-06 09:07:07.998 [virtual-executor5] DEBUG io.micronaut.data.query - Executing SQL query: INSERT INTO `blueprint_tags` (`blueprint_id`,`tag`) VALUES (?,?)
2025-06-06 09:07:07.998 [virtual-executor5] DEBUG io.micronaut.data.query - Executing SQL query: INSERT INTO `blueprint_tags` (`blueprint_id`,`tag`) VALUES (?,?)
2025-06-06 09:07:07.998 [virtual-executor5] DEBUG io.micronaut.data.query - Executing SQL query: INSERT INTO `blueprint_tags` (`blueprint_id`,`tag`) VALUES (?,?)
2025-06-06 09:07:07.998 [virtual-executor5] DEBUG io.micronaut.data.query - Executing SQL query: INSERT INTO `blueprint_tags` (`blueprint_id`,`tag`) VALUES (?,?)
2025-06-06 09:07:07.998 [virtual-executor5] DEBUG io.micronaut.data.query - Executing SQL query: INSERT INTO `blueprint_included_tasks` (`blueprint_id`,`task`) VALUES (?,?)
2025-06-06 09:07:07.998 [virtual-executor5] DEBUG io.micronaut.data.query - Executing SQL query: INSERT INTO `blueprint_included_tasks` (`blueprint_id`,`task`) VALUES (?,?)
2025-06-06 09:07:07.999 [virtual-executor5] DEBUG i.k.blueprint.service.SimpleBlueprintSyncService - 创建新蓝图: 文件处理流水线
2025-06-06 09:07:07.999 [virtual-executor5] DEBUG i.k.blueprint.service.SimpleBlueprintSyncService - 成功同步蓝图: 文件处理流水线
2025-06-06 09:07:07.999 [virtual-executor5] DEBUG io.micronaut.data.query - Executing Query: SELECT blueprint_.`id`,blueprint_.`version`,blueprint_.`namespace_id`,blueprint_.`title`,blueprint_.`description`,blueprint_.`content`,blueprint_.`kind`,blueprint_.`is_public`,blueprint_.`is_template`,blueprint_.`created_by`,blueprint_.`created_at`,blueprint_.`updated_at` FROM `blueprints` blueprint_ WHERE (blueprint_.`title` = ? AND blueprint_.`namespace_id` = ?)
2025-06-06 09:07:07.999 [virtual-executor5] DEBUG io.micronaut.data.query - Executing SQL query: INSERT INTO `blueprints` (`namespace_id`,`title`,`description`,`content`,`kind`,`is_public`,`is_template`,`created_by`,`created_at`,`updated_at`,`version`,`id`) VALUES (?,?,?,?,?,?,?,?,?,?,?,?)
2025-06-06 09:07:07.999 [virtual-executor5] DEBUG io.micronaut.data.query - Executing SQL query: INSERT INTO `blueprint_tags` (`blueprint_id`,`tag`) VALUES (?,?)
2025-06-06 09:07:07.999 [virtual-executor5] DEBUG io.micronaut.data.query - Executing SQL query: INSERT INTO `blueprint_tags` (`blueprint_id`,`tag`) VALUES (?,?)
2025-06-06 09:07:08.000 [virtual-executor5] DEBUG io.micronaut.data.query - Executing SQL query: INSERT INTO `blueprint_tags` (`blueprint_id`,`tag`) VALUES (?,?)
2025-06-06 09:07:08.000 [virtual-executor5] DEBUG io.micronaut.data.query - Executing SQL query: INSERT INTO `blueprint_tags` (`blueprint_id`,`tag`) VALUES (?,?)
2025-06-06 09:07:08.000 [virtual-executor5] DEBUG io.micronaut.data.query - Executing SQL query: INSERT INTO `blueprint_included_tasks` (`blueprint_id`,`task`) VALUES (?,?)
2025-06-06 09:07:08.000 [virtual-executor5] DEBUG io.micronaut.data.query - Executing SQL query: INSERT INTO `blueprint_included_tasks` (`blueprint_id`,`task`) VALUES (?,?)
2025-06-06 09:07:08.000 [virtual-executor5] DEBUG i.k.blueprint.service.SimpleBlueprintSyncService - 创建新蓝图: 定时报告生成
2025-06-06 09:07:08.001 [virtual-executor5] DEBUG i.k.blueprint.service.SimpleBlueprintSyncService - 成功同步蓝图: 定时报告生成
2025-06-06 09:07:08.001 [virtual-executor5] DEBUG io.micronaut.data.query - Executing Query: SELECT blueprint_.`id`,blueprint_.`version`,blueprint_.`namespace_id`,blueprint_.`title`,blueprint_.`description`,blueprint_.`content`,blueprint_.`kind`,blueprint_.`is_public`,blueprint_.`is_template`,blueprint_.`created_by`,blueprint_.`created_at`,blueprint_.`updated_at` FROM `blueprints` blueprint_ WHERE (blueprint_.`title` = ? AND blueprint_.`namespace_id` = ?)
2025-06-06 09:07:08.001 [virtual-executor5] DEBUG io.micronaut.data.query - Executing SQL query: INSERT INTO `blueprints` (`namespace_id`,`title`,`description`,`content`,`kind`,`is_public`,`is_template`,`created_by`,`created_at`,`updated_at`,`version`,`id`) VALUES (?,?,?,?,?,?,?,?,?,?,?,?)
2025-06-06 09:07:08.001 [virtual-executor5] DEBUG io.micronaut.data.query - Executing SQL query: INSERT INTO `blueprint_tags` (`blueprint_id`,`tag`) VALUES (?,?)
2025-06-06 09:07:08.001 [virtual-executor5] DEBUG io.micronaut.data.query - Executing SQL query: INSERT INTO `blueprint_tags` (`blueprint_id`,`tag`) VALUES (?,?)
2025-06-06 09:07:08.002 [virtual-executor5] DEBUG io.micronaut.data.query - Executing SQL query: INSERT INTO `blueprint_tags` (`blueprint_id`,`tag`) VALUES (?,?)
2025-06-06 09:07:08.002 [virtual-executor5] DEBUG io.micronaut.data.query - Executing SQL query: INSERT INTO `blueprint_tags` (`blueprint_id`,`tag`) VALUES (?,?)
2025-06-06 09:07:08.002 [virtual-executor5] DEBUG io.micronaut.data.query - Executing SQL query: INSERT INTO `blueprint_included_tasks` (`blueprint_id`,`task`) VALUES (?,?)
2025-06-06 09:07:08.002 [virtual-executor5] DEBUG io.micronaut.data.query - Executing SQL query: INSERT INTO `blueprint_included_tasks` (`blueprint_id`,`task`) VALUES (?,?)
2025-06-06 09:07:08.002 [virtual-executor5] DEBUG i.k.blueprint.service.SimpleBlueprintSyncService - 创建新蓝图: 数据质量检查
2025-06-06 09:07:08.002 [virtual-executor5] DEBUG i.k.blueprint.service.SimpleBlueprintSyncService - 成功同步蓝图: 数据质量检查
2025-06-06 09:07:08.002 [virtual-executor5] INFO  i.k.blueprint.service.SimpleBlueprintSyncService - 蓝图同步完成 - 成功: 5, 失败: 0, 耗时: 24ms
2025-06-06 09:07:08.003 [virtual-executor5] DEBUG i.m.http.server.netty.RoutingInBoundHandler - Response 200 - POST /api/v1/blueprints/sync/sample
2025-06-06 09:07:24.969 [default-nioEventLoopGroup-1-7] DEBUG i.m.http.server.netty.NettyRequestLifecycle - Request GET /api/v1/blueprints
2025-06-06 09:07:24.970 [default-nioEventLoopGroup-1-7] DEBUG io.kestra.blueprint.security.TenantFilter - 设置租户上下文 - tenantId: default-tenant, namespaceId: test, userId: user123
2025-06-06 09:07:24.984 [default-nioEventLoopGroup-1-7] DEBUG io.micronaut.data.query - Executing Query: SELECT blueprint_.`id`,blueprint_.`version`,blueprint_.`namespace_id`,blueprint_.`title`,blueprint_.`description`,blueprint_.`content`,blueprint_.`kind`,blueprint_.`is_public`,blueprint_.`is_template`,blueprint_.`created_by`,blueprint_.`created_at`,blueprint_.`updated_at` FROM `blueprints` blueprint_ WHERE (blueprint_.`namespace_id` = ?) LIMIT 20
2025-06-06 09:07:24.984 [default-nioEventLoopGroup-1-7] DEBUG io.micronaut.data.query - Executing Query: SELECT COUNT(*) FROM `blueprints` blueprint_ WHERE (blueprint_.`namespace_id` = ?)
2025-06-06 09:07:24.986 [default-nioEventLoopGroup-1-7] DEBUG i.m.http.server.netty.RoutingInBoundHandler - Response 200 - GET /api/v1/blueprints
2025-06-06 09:07:25.567 [scheduled-executor-thread-1] DEBUG io.micronaut.data.query - Executing Query: SELECT COUNT(*) FROM `blueprints` blueprint_
2025-06-06 09:07:52.567 [default-nioEventLoopGroup-1-8] DEBUG i.m.http.server.netty.NettyRequestLifecycle - Request GET /api/v1/blueprints/community
2025-06-06 09:07:52.568 [default-nioEventLoopGroup-1-8] DEBUG io.kestra.blueprint.security.TenantFilter - 设置租户上下文 - tenantId: default-tenant, namespaceId: test, userId: user123
2025-06-06 09:07:52.574 [default-nioEventLoopGroup-1-8] DEBUG i.k.blueprint.controller.ApiBlueprintController - 获取蓝图列表 - q: null, tags: null, page: 1, size: 20
2025-06-06 09:07:52.576 [default-nioEventLoopGroup-1-8] DEBUG i.m.http.server.netty.RoutingInBoundHandler - Response 200 - GET /api/v1/blueprints/community
2025-06-06 09:08:25.573 [scheduled-executor-thread-2] DEBUG io.micronaut.data.query - Executing Query: SELECT COUNT(*) FROM `blueprints` blueprint_
2025-06-06 09:09:25.579 [scheduled-executor-thread-1] DEBUG io.micronaut.data.query - Executing Query: SELECT COUNT(*) FROM `blueprints` blueprint_
2025-06-06 09:09:57.726 [Thread-0] INFO  io.micronaut.runtime.Micronaut - Embedded Application shutting down
2025-06-06 09:09:57.737 [Thread-0] INFO  com.zaxxer.hikari.HikariDataSource - HikariPool-1 - Shutdown initiated...
2025-06-06 09:09:57.738 [Thread-0] INFO  com.zaxxer.hikari.HikariDataSource - HikariPool-1 - Shutdown completed.
2025-06-06 09:10:11.189 [main] INFO  com.zaxxer.hikari.HikariDataSource - HikariPool-1 - Starting...
2025-06-06 09:10:11.280 [main] INFO  com.zaxxer.hikari.pool.HikariPool - HikariPool-1 - Added connection conn0: url=jdbc:h2:mem:testDb user=SA
2025-06-06 09:10:11.281 [main] INFO  com.zaxxer.hikari.HikariDataSource - HikariPool-1 - Start completed.
2025-06-06 09:10:11.411 [main] INFO  io.micronaut.flyway.AbstractFlywayMigration - Running migrations for database with qualifier [default]
2025-06-06 09:10:11.430 [main] INFO  org.flywaydb.core.FlywayExecutor - Database: jdbc:h2:mem:testDb (H2 2.3)
2025-06-06 09:10:11.441 [main] INFO  o.f.c.i.schemahistory.JdbcTableSchemaHistory - Schema history table "PUBLIC"."flyway_schema_history" does not exist yet
2025-06-06 09:10:11.442 [main] INFO  org.flywaydb.core.internal.command.DbValidate - Successfully validated 1 migration (execution time 00:00.005s)
2025-06-06 09:10:11.445 [main] INFO  o.f.c.i.schemahistory.JdbcTableSchemaHistory - Creating Schema History table "PUBLIC"."flyway_schema_history" ...
2025-06-06 09:10:11.460 [main] INFO  org.flywaydb.core.internal.command.DbMigrate - Current version of schema "PUBLIC": << Empty Schema >>
2025-06-06 09:10:11.464 [main] INFO  org.flywaydb.core.internal.command.DbMigrate - Migrating schema "PUBLIC" to version "1 - Create blueprint tables"
2025-06-06 09:10:11.475 [main] INFO  org.flywaydb.core.internal.command.DbMigrate - Successfully applied 1 migration to schema "PUBLIC", now at version v1 (execution time 00:00.006s)
2025-06-06 09:10:11.489 [main] WARN  io.micronaut.data.query - CREATE Statement Unsuccessful: Table "BLUEPRINTS" already exists; SQL statement:
CREATE TABLE `blueprints` (`id` VARCHAR(255) NOT NULL,`version` BIGINT NOT NULL,`namespace_id` VARCHAR(255) NOT NULL,`title` VARCHAR(255) NOT NULL,`description` VARCHAR(255),`content` VARCHAR(255) NOT NULL,`kind` VARCHAR(255),`is_public` BOOLEAN NOT NULL,`is_template` BOOLEAN NOT NULL,`created_by` VARCHAR(255) NOT NULL,`created_at` TIMESTAMP NOT NULL,`updated_at` TIMESTAMP NOT NULL, PRIMARY KEY(`id`)) [42101-232]
2025-06-06 09:10:11.499 [main] INFO  i.m.logging.PropertiesLoggingLevelsConfigurer - Setting log level 'DEBUG' for logger: 'io.kestra.blueprint'
2025-06-06 09:10:11.499 [main] INFO  i.m.logging.PropertiesLoggingLevelsConfigurer - Setting log level 'DEBUG' for logger: 'io.micronaut.data.query'
2025-06-06 09:10:11.629 [main] INFO  org.hibernate.validator.internal.util.Version - HV000001: Hibernate Validator 8.0.2.Final
2025-06-06 09:10:11.850 [main] DEBUG io.micronaut.data.query - Executing Query: SELECT COUNT(*) FROM `blueprints` blueprint_
2025-06-06 09:10:11.851 [main] INFO  io.kestra.blueprint.metrics.BlueprintMetrics - Blueprint metrics initialized
2025-06-06 09:10:11.853 [main] INFO  io.micronaut.runtime.Micronaut - Startup completed in 956ms. Server Running: http://localhost:8084
2025-06-06 09:11:11.538 [scheduled-executor-thread-1] DEBUG io.micronaut.data.query - Executing Query: SELECT COUNT(*) FROM `blueprints` blueprint_
2025-06-06 09:11:29.363 [default-nioEventLoopGroup-1-2] DEBUG i.m.http.server.netty.NettyRequestLifecycle - Request GET /api/v1/blueprints/community
2025-06-06 09:11:29.430 [default-nioEventLoopGroup-1-2] DEBUG io.kestra.blueprint.security.TenantFilter - 设置租户上下文 - tenantId: default-tenant, namespaceId: test, userId: user123
2025-06-06 09:11:29.473 [default-nioEventLoopGroup-1-2] DEBUG i.k.blueprint.controller.ApiBlueprintController - 获取蓝图列表 - q: null, tags: null, page: 1, size: 20
2025-06-06 09:11:29.482 [default-nioEventLoopGroup-1-2] DEBUG io.micronaut.data.query - Executing Query: SELECT blueprint_.`id`,blueprint_.`version`,blueprint_.`namespace_id`,blueprint_.`title`,blueprint_.`description`,blueprint_.`content`,blueprint_.`kind`,blueprint_.`is_public`,blueprint_.`is_template`,blueprint_.`created_by`,blueprint_.`created_at`,blueprint_.`updated_at` FROM `blueprints` blueprint_ WHERE (blueprint_.`is_public` = ?) LIMIT 20
2025-06-06 09:11:29.484 [default-nioEventLoopGroup-1-2] DEBUG io.micronaut.data.query - Executing Query: SELECT COUNT(*) FROM `blueprints` blueprint_ WHERE (blueprint_.`is_public` = ?)
2025-06-06 09:11:29.497 [default-nioEventLoopGroup-1-2] DEBUG i.m.http.server.netty.RoutingInBoundHandler - Response 200 - GET /api/v1/blueprints/community
2025-06-06 09:11:45.265 [default-nioEventLoopGroup-1-3] DEBUG i.m.http.server.netty.NettyRequestLifecycle - Request POST /api/v1/blueprints/sync/sample
2025-06-06 09:11:45.265 [default-nioEventLoopGroup-1-3] DEBUG io.kestra.blueprint.security.TenantFilter - 设置租户上下文 - tenantId: default-tenant, namespaceId: test, userId: user123
2025-06-06 09:11:45.357 [virtual-executor4] INFO  i.kestra.blueprint.controller.BlueprintController - 开始同步示例蓝图...
2025-06-06 09:11:45.357 [virtual-executor4] INFO  i.k.blueprint.service.SimpleBlueprintSyncService - 开始同步官方蓝图...
2025-06-06 09:11:45.357 [virtual-executor4] INFO  i.k.blueprint.service.SimpleBlueprintSyncService - 使用官方命名空间: official
2025-06-06 09:11:45.362 [virtual-executor4] INFO  i.k.blueprint.service.SimpleBlueprintSyncService - 准备同步 5 个示例蓝图
2025-06-06 09:11:45.363 [virtual-executor4] DEBUG io.micronaut.data.query - Executing Query: SELECT blueprint_.`id`,blueprint_.`version`,blueprint_.`namespace_id`,blueprint_.`title`,blueprint_.`description`,blueprint_.`content`,blueprint_.`kind`,blueprint_.`is_public`,blueprint_.`is_template`,blueprint_.`created_by`,blueprint_.`created_at`,blueprint_.`updated_at` FROM `blueprints` blueprint_ WHERE (blueprint_.`title` = ? AND blueprint_.`namespace_id` = ?)
2025-06-06 09:11:45.366 [virtual-executor4] DEBUG io.micronaut.data.query - Executing SQL query: INSERT INTO `blueprints` (`namespace_id`,`title`,`description`,`content`,`kind`,`is_public`,`is_template`,`created_by`,`created_at`,`updated_at`,`version`,`id`) VALUES (?,?,?,?,?,?,?,?,?,?,?,?)
2025-06-06 09:11:45.367 [virtual-executor4] DEBUG io.micronaut.data.query - Executing SQL query: INSERT INTO `blueprint_tags` (`blueprint_id`,`tag`) VALUES (?,?)
2025-06-06 09:11:45.367 [virtual-executor4] DEBUG io.micronaut.data.query - Executing SQL query: INSERT INTO `blueprint_tags` (`blueprint_id`,`tag`) VALUES (?,?)
2025-06-06 09:11:45.368 [virtual-executor4] DEBUG io.micronaut.data.query - Executing SQL query: INSERT INTO `blueprint_tags` (`blueprint_id`,`tag`) VALUES (?,?)
2025-06-06 09:11:45.368 [virtual-executor4] DEBUG io.micronaut.data.query - Executing SQL query: INSERT INTO `blueprint_tags` (`blueprint_id`,`tag`) VALUES (?,?)
2025-06-06 09:11:45.368 [virtual-executor4] DEBUG io.micronaut.data.query - Executing SQL query: INSERT INTO `blueprint_included_tasks` (`blueprint_id`,`task`) VALUES (?,?)
2025-06-06 09:11:45.369 [virtual-executor4] DEBUG io.micronaut.data.query - Executing SQL query: INSERT INTO `blueprint_included_tasks` (`blueprint_id`,`task`) VALUES (?,?)
2025-06-06 09:11:45.369 [virtual-executor4] DEBUG i.k.blueprint.service.SimpleBlueprintSyncService - 创建新蓝图: 数据ETL流水线
2025-06-06 09:11:45.369 [virtual-executor4] DEBUG i.k.blueprint.service.SimpleBlueprintSyncService - 成功同步蓝图: 数据ETL流水线
2025-06-06 09:11:45.369 [virtual-executor4] DEBUG io.micronaut.data.query - Executing Query: SELECT blueprint_.`id`,blueprint_.`version`,blueprint_.`namespace_id`,blueprint_.`title`,blueprint_.`description`,blueprint_.`content`,blueprint_.`kind`,blueprint_.`is_public`,blueprint_.`is_template`,blueprint_.`created_by`,blueprint_.`created_at`,blueprint_.`updated_at` FROM `blueprints` blueprint_ WHERE (blueprint_.`title` = ? AND blueprint_.`namespace_id` = ?)
2025-06-06 09:11:45.369 [virtual-executor4] DEBUG io.micronaut.data.query - Executing SQL query: INSERT INTO `blueprints` (`namespace_id`,`title`,`description`,`content`,`kind`,`is_public`,`is_template`,`created_by`,`created_at`,`updated_at`,`version`,`id`) VALUES (?,?,?,?,?,?,?,?,?,?,?,?)
2025-06-06 09:11:45.369 [virtual-executor4] DEBUG io.micronaut.data.query - Executing SQL query: INSERT INTO `blueprint_tags` (`blueprint_id`,`tag`) VALUES (?,?)
2025-06-06 09:11:45.370 [virtual-executor4] DEBUG io.micronaut.data.query - Executing SQL query: INSERT INTO `blueprint_tags` (`blueprint_id`,`tag`) VALUES (?,?)
2025-06-06 09:11:45.370 [virtual-executor4] DEBUG io.micronaut.data.query - Executing SQL query: INSERT INTO `blueprint_tags` (`blueprint_id`,`tag`) VALUES (?,?)
2025-06-06 09:11:45.370 [virtual-executor4] DEBUG io.micronaut.data.query - Executing SQL query: INSERT INTO `blueprint_tags` (`blueprint_id`,`tag`) VALUES (?,?)
2025-06-06 09:11:45.370 [virtual-executor4] DEBUG io.micronaut.data.query - Executing SQL query: INSERT INTO `blueprint_included_tasks` (`blueprint_id`,`task`) VALUES (?,?)
2025-06-06 09:11:45.370 [virtual-executor4] DEBUG io.micronaut.data.query - Executing SQL query: INSERT INTO `blueprint_included_tasks` (`blueprint_id`,`task`) VALUES (?,?)
2025-06-06 09:11:45.370 [virtual-executor4] DEBUG i.k.blueprint.service.SimpleBlueprintSyncService - 创建新蓝图: API数据同步
2025-06-06 09:11:45.370 [virtual-executor4] DEBUG i.k.blueprint.service.SimpleBlueprintSyncService - 成功同步蓝图: API数据同步
2025-06-06 09:11:45.371 [virtual-executor4] DEBUG io.micronaut.data.query - Executing Query: SELECT blueprint_.`id`,blueprint_.`version`,blueprint_.`namespace_id`,blueprint_.`title`,blueprint_.`description`,blueprint_.`content`,blueprint_.`kind`,blueprint_.`is_public`,blueprint_.`is_template`,blueprint_.`created_by`,blueprint_.`created_at`,blueprint_.`updated_at` FROM `blueprints` blueprint_ WHERE (blueprint_.`title` = ? AND blueprint_.`namespace_id` = ?)
2025-06-06 09:11:45.371 [virtual-executor4] DEBUG io.micronaut.data.query - Executing SQL query: INSERT INTO `blueprints` (`namespace_id`,`title`,`description`,`content`,`kind`,`is_public`,`is_template`,`created_by`,`created_at`,`updated_at`,`version`,`id`) VALUES (?,?,?,?,?,?,?,?,?,?,?,?)
2025-06-06 09:11:45.371 [virtual-executor4] DEBUG io.micronaut.data.query - Executing SQL query: INSERT INTO `blueprint_tags` (`blueprint_id`,`tag`) VALUES (?,?)
2025-06-06 09:11:45.371 [virtual-executor4] DEBUG io.micronaut.data.query - Executing SQL query: INSERT INTO `blueprint_tags` (`blueprint_id`,`tag`) VALUES (?,?)
2025-06-06 09:11:45.371 [virtual-executor4] DEBUG io.micronaut.data.query - Executing SQL query: INSERT INTO `blueprint_tags` (`blueprint_id`,`tag`) VALUES (?,?)
2025-06-06 09:11:45.372 [virtual-executor4] DEBUG io.micronaut.data.query - Executing SQL query: INSERT INTO `blueprint_tags` (`blueprint_id`,`tag`) VALUES (?,?)
2025-06-06 09:11:45.372 [virtual-executor4] DEBUG io.micronaut.data.query - Executing SQL query: INSERT INTO `blueprint_included_tasks` (`blueprint_id`,`task`) VALUES (?,?)
2025-06-06 09:11:45.372 [virtual-executor4] DEBUG io.micronaut.data.query - Executing SQL query: INSERT INTO `blueprint_included_tasks` (`blueprint_id`,`task`) VALUES (?,?)
2025-06-06 09:11:45.372 [virtual-executor4] DEBUG i.k.blueprint.service.SimpleBlueprintSyncService - 创建新蓝图: 文件处理流水线
2025-06-06 09:11:45.372 [virtual-executor4] DEBUG i.k.blueprint.service.SimpleBlueprintSyncService - 成功同步蓝图: 文件处理流水线
2025-06-06 09:11:45.372 [virtual-executor4] DEBUG io.micronaut.data.query - Executing Query: SELECT blueprint_.`id`,blueprint_.`version`,blueprint_.`namespace_id`,blueprint_.`title`,blueprint_.`description`,blueprint_.`content`,blueprint_.`kind`,blueprint_.`is_public`,blueprint_.`is_template`,blueprint_.`created_by`,blueprint_.`created_at`,blueprint_.`updated_at` FROM `blueprints` blueprint_ WHERE (blueprint_.`title` = ? AND blueprint_.`namespace_id` = ?)
2025-06-06 09:11:45.372 [virtual-executor4] DEBUG io.micronaut.data.query - Executing SQL query: INSERT INTO `blueprints` (`namespace_id`,`title`,`description`,`content`,`kind`,`is_public`,`is_template`,`created_by`,`created_at`,`updated_at`,`version`,`id`) VALUES (?,?,?,?,?,?,?,?,?,?,?,?)
2025-06-06 09:11:45.373 [virtual-executor4] DEBUG io.micronaut.data.query - Executing SQL query: INSERT INTO `blueprint_tags` (`blueprint_id`,`tag`) VALUES (?,?)
2025-06-06 09:11:45.373 [virtual-executor4] DEBUG io.micronaut.data.query - Executing SQL query: INSERT INTO `blueprint_tags` (`blueprint_id`,`tag`) VALUES (?,?)
2025-06-06 09:11:45.373 [virtual-executor4] DEBUG io.micronaut.data.query - Executing SQL query: INSERT INTO `blueprint_tags` (`blueprint_id`,`tag`) VALUES (?,?)
2025-06-06 09:11:45.373 [virtual-executor4] DEBUG io.micronaut.data.query - Executing SQL query: INSERT INTO `blueprint_tags` (`blueprint_id`,`tag`) VALUES (?,?)
2025-06-06 09:11:45.373 [virtual-executor4] DEBUG io.micronaut.data.query - Executing SQL query: INSERT INTO `blueprint_included_tasks` (`blueprint_id`,`task`) VALUES (?,?)
2025-06-06 09:11:45.374 [virtual-executor4] DEBUG io.micronaut.data.query - Executing SQL query: INSERT INTO `blueprint_included_tasks` (`blueprint_id`,`task`) VALUES (?,?)
2025-06-06 09:11:45.374 [virtual-executor4] DEBUG i.k.blueprint.service.SimpleBlueprintSyncService - 创建新蓝图: 定时报告生成
2025-06-06 09:11:45.374 [virtual-executor4] DEBUG i.k.blueprint.service.SimpleBlueprintSyncService - 成功同步蓝图: 定时报告生成
2025-06-06 09:11:45.374 [virtual-executor4] DEBUG io.micronaut.data.query - Executing Query: SELECT blueprint_.`id`,blueprint_.`version`,blueprint_.`namespace_id`,blueprint_.`title`,blueprint_.`description`,blueprint_.`content`,blueprint_.`kind`,blueprint_.`is_public`,blueprint_.`is_template`,blueprint_.`created_by`,blueprint_.`created_at`,blueprint_.`updated_at` FROM `blueprints` blueprint_ WHERE (blueprint_.`title` = ? AND blueprint_.`namespace_id` = ?)
2025-06-06 09:11:45.374 [virtual-executor4] DEBUG io.micronaut.data.query - Executing SQL query: INSERT INTO `blueprints` (`namespace_id`,`title`,`description`,`content`,`kind`,`is_public`,`is_template`,`created_by`,`created_at`,`updated_at`,`version`,`id`) VALUES (?,?,?,?,?,?,?,?,?,?,?,?)
2025-06-06 09:11:45.374 [virtual-executor4] DEBUG io.micronaut.data.query - Executing SQL query: INSERT INTO `blueprint_tags` (`blueprint_id`,`tag`) VALUES (?,?)
2025-06-06 09:11:45.375 [virtual-executor4] DEBUG io.micronaut.data.query - Executing SQL query: INSERT INTO `blueprint_tags` (`blueprint_id`,`tag`) VALUES (?,?)
2025-06-06 09:11:45.375 [virtual-executor4] DEBUG io.micronaut.data.query - Executing SQL query: INSERT INTO `blueprint_tags` (`blueprint_id`,`tag`) VALUES (?,?)
2025-06-06 09:11:45.375 [virtual-executor4] DEBUG io.micronaut.data.query - Executing SQL query: INSERT INTO `blueprint_tags` (`blueprint_id`,`tag`) VALUES (?,?)
2025-06-06 09:11:45.375 [virtual-executor4] DEBUG io.micronaut.data.query - Executing SQL query: INSERT INTO `blueprint_included_tasks` (`blueprint_id`,`task`) VALUES (?,?)
2025-06-06 09:11:45.375 [virtual-executor4] DEBUG io.micronaut.data.query - Executing SQL query: INSERT INTO `blueprint_included_tasks` (`blueprint_id`,`task`) VALUES (?,?)
2025-06-06 09:11:45.376 [virtual-executor4] DEBUG i.k.blueprint.service.SimpleBlueprintSyncService - 创建新蓝图: 数据质量检查
2025-06-06 09:11:45.376 [virtual-executor4] DEBUG i.k.blueprint.service.SimpleBlueprintSyncService - 成功同步蓝图: 数据质量检查
2025-06-06 09:11:45.376 [virtual-executor4] INFO  i.k.blueprint.service.SimpleBlueprintSyncService - 蓝图同步完成 - 成功: 5, 失败: 0, 耗时: 19ms
2025-06-06 09:11:45.387 [virtual-executor4] DEBUG i.m.http.server.netty.RoutingInBoundHandler - Response 200 - POST /api/v1/blueprints/sync/sample
2025-06-06 09:11:59.284 [default-nioEventLoopGroup-1-4] DEBUG i.m.http.server.netty.NettyRequestLifecycle - Request GET /api/v1/blueprints/community
2025-06-06 09:11:59.284 [default-nioEventLoopGroup-1-4] DEBUG io.kestra.blueprint.security.TenantFilter - 设置租户上下文 - tenantId: default-tenant, namespaceId: test, userId: user123
2025-06-06 09:11:59.285 [default-nioEventLoopGroup-1-4] DEBUG i.k.blueprint.controller.ApiBlueprintController - 获取蓝图列表 - q: null, tags: null, page: 1, size: 20
2025-06-06 09:11:59.285 [default-nioEventLoopGroup-1-4] DEBUG i.m.http.server.netty.RoutingInBoundHandler - Response 200 - GET /api/v1/blueprints/community
2025-06-06 09:12:11.546 [scheduled-executor-thread-1] DEBUG io.micronaut.data.query - Executing Query: SELECT COUNT(*) FROM `blueprints` blueprint_
2025-06-06 09:12:30.501 [default-nioEventLoopGroup-1-5] DEBUG i.m.http.server.netty.NettyRequestLifecycle - Request GET /api/v1/blueprints/community
2025-06-06 09:12:30.501 [default-nioEventLoopGroup-1-5] DEBUG io.kestra.blueprint.security.TenantFilter - 设置租户上下文 - tenantId: default-tenant, namespaceId: test, userId: user123
2025-06-06 09:12:30.502 [default-nioEventLoopGroup-1-5] DEBUG i.k.blueprint.controller.ApiBlueprintController - 获取蓝图列表 - q: null, tags: null, page: 1, size: 20
2025-06-06 09:12:30.503 [default-nioEventLoopGroup-1-5] DEBUG i.m.http.server.netty.RoutingInBoundHandler - Response 200 - GET /api/v1/blueprints/community
